<?xml version="1.0" encoding="UTF-8"?>
<coverage generated="1609680751675" clover="3.2.0">
  <project timestamp="1609680751676" name="All files">
    <metrics statements="247" coveredstatements="247" conditionals="180" coveredconditionals="180" methods="75" coveredmethods="75" elements="502" coveredelements="502" complexity="0" loc="247" ncloc="247" packages="2" files="48" classes="48"/>
    <package name="dist">
      <metrics statements="161" coveredstatements="161" conditionals="93" coveredconditionals="93" methods="38" coveredmethods="38"/>
      <file name="argNames.js" path="/Users/otisvirginie/Projects/Personal/ufunc/dist/argNames.js">
        <metrics statements="8" coveredstatements="8" conditionals="4" coveredconditionals="4" methods="1" coveredmethods="1"/>
        <line num="17" count="1" type="stmt"/>
        <line num="18" count="1" type="stmt"/>
        <line num="20" count="9" type="cond" truecount="2" falsecount="0"/>
        <line num="21" count="1" type="stmt"/>
        <line num="24" count="8" type="stmt"/>
        <line num="28" count="8" type="stmt"/>
        <line num="29" count="8" type="cond" truecount="2" falsecount="0"/>
        <line num="32" count="1" type="stmt"/>
      </file>
      <file name="chain.js" path="/Users/otisvirginie/Projects/Personal/ufunc/dist/chain.js">
        <metrics statements="11" coveredstatements="11" conditionals="0" coveredconditionals="0" methods="4" coveredmethods="4"/>
        <line num="2" count="1" type="stmt"/>
        <line num="3" count="1" type="stmt"/>
        <line num="4" count="1" type="stmt"/>
        <line num="29" count="4" type="stmt"/>
        <line num="30" count="4" type="stmt"/>
        <line num="32" count="4" type="stmt"/>
        <line num="38" count="6" type="stmt"/>
        <line num="40" count="4" type="stmt"/>
        <line num="43" count="2" type="stmt"/>
        <line num="46" count="2" type="stmt"/>
        <line num="50" count="1" type="stmt"/>
      </file>
      <file name="clean.js" path="/Users/otisvirginie/Projects/Personal/ufunc/dist/clean.js">
        <metrics statements="12" coveredstatements="12" conditionals="13" coveredconditionals="13" methods="3" coveredmethods="3"/>
        <line num="2" count="1" type="stmt"/>
        <line num="3" count="1" type="stmt"/>
        <line num="22" count="6" type="cond" truecount="2" falsecount="0"/>
        <line num="23" count="6" type="stmt"/>
        <line num="24" count="6" type="stmt"/>
        <line num="25" count="51" type="cond" truecount="5" falsecount="0"/>
        <line num="27" count="8" type="cond" truecount="2" falsecount="0"/>
        <line num="29" count="8" type="stmt"/>
        <line num="31" count="9" type="cond" truecount="2" falsecount="0"/>
        <line num="33" count="9" type="cond" truecount="2" falsecount="0"/>
        <line num="35" count="17" type="stmt"/>
        <line num="40" count="1" type="stmt"/>
      </file>
      <file name="compose.js" path="/Users/otisvirginie/Projects/Personal/ufunc/dist/compose.js">
        <metrics statements="8" coveredstatements="8" conditionals="2" coveredconditionals="2" methods="2" coveredmethods="2"/>
        <line num="2" count="1" type="stmt"/>
        <line num="3" count="1" type="stmt"/>
        <line num="22" count="10" type="stmt"/>
        <line num="23" count="10" type="stmt"/>
        <line num="24" count="10" type="stmt"/>
        <line num="26" count="10" type="stmt"/>
        <line num="27" count="10" type="cond" truecount="2" falsecount="0"/>
        <line num="32" count="1" type="stmt"/>
      </file>
      <file name="either.js" path="/Users/otisvirginie/Projects/Personal/ufunc/dist/either.js">
        <metrics statements="7" coveredstatements="7" conditionals="6" coveredconditionals="6" methods="2" coveredmethods="2"/>
        <line num="2" count="1" type="stmt"/>
        <line num="3" count="1" type="stmt"/>
        <line num="28" count="8" type="stmt"/>
        <line num="29" count="8" type="cond" truecount="2" falsecount="0"/>
        <line num="30" count="4" type="cond" truecount="2" falsecount="0"/>
        <line num="33" count="4" type="cond" truecount="2" falsecount="0"/>
        <line num="37" count="1" type="stmt"/>
      </file>
      <file name="eitherPromise.js" path="/Users/otisvirginie/Projects/Personal/ufunc/dist/eitherPromise.js">
        <metrics statements="23" coveredstatements="23" conditionals="14" coveredconditionals="14" methods="4" coveredmethods="4"/>
        <line num="2" count="1" type="stmt"/>
        <line num="3" count="1" type="stmt"/>
        <line num="4" count="1" type="stmt"/>
        <line num="59" count="8" type="stmt"/>
        <line num="60" count="8" type="stmt"/>
        <line num="62" count="8" type="stmt"/>
        <line num="63" count="24" type="cond" truecount="8" falsecount="0"/>
        <line num="65" count="8" type="cond" truecount="2" falsecount="0"/>
        <line num="66" count="4" type="cond" truecount="2" falsecount="0"/>
        <line num="67" count="2" type="stmt"/>
        <line num="69" count="2" type="stmt"/>
        <line num="70" count="2" type="stmt"/>
        <line num="72" count="2" type="stmt"/>
        <line num="73" count="2" type="stmt"/>
        <line num="74" count="4" type="stmt"/>
        <line num="76" count="4" type="cond" truecount="2" falsecount="0"/>
        <line num="77" count="2" type="stmt"/>
        <line num="79" count="2" type="stmt"/>
        <line num="80" count="2" type="stmt"/>
        <line num="82" count="2" type="stmt"/>
        <line num="83" count="2" type="stmt"/>
        <line num="84" count="4" type="stmt"/>
        <line num="89" count="1" type="stmt"/>
      </file>
      <file name="everyTrue.js" path="/Users/otisvirginie/Projects/Personal/ufunc/dist/everyTrue.js">
        <metrics statements="5" coveredstatements="5" conditionals="0" coveredconditionals="0" methods="2" coveredmethods="2"/>
        <line num="2" count="1" type="stmt"/>
        <line num="3" count="1" type="stmt"/>
        <line num="4" count="1" type="stmt"/>
        <line num="21" count="7" type="stmt"/>
        <line num="23" count="1" type="stmt"/>
      </file>
      <file name="first.js" path="/Users/otisvirginie/Projects/Personal/ufunc/dist/first.js">
        <metrics statements="4" coveredstatements="4" conditionals="2" coveredconditionals="2" methods="1" coveredmethods="1"/>
        <line num="2" count="1" type="stmt"/>
        <line num="3" count="1" type="stmt"/>
        <line num="20" count="3" type="cond" truecount="2" falsecount="0"/>
        <line num="22" count="1" type="stmt"/>
      </file>
      <file name="head.js" path="/Users/otisvirginie/Projects/Personal/ufunc/dist/head.js">
        <metrics statements="4" coveredstatements="4" conditionals="4" coveredconditionals="4" methods="1" coveredmethods="1"/>
        <line num="2" count="1" type="stmt"/>
        <line num="3" count="1" type="stmt"/>
        <line num="20" count="3" type="cond" truecount="4" falsecount="0"/>
        <line num="22" count="1" type="stmt"/>
      </file>
      <file name="identity.js" path="/Users/otisvirginie/Projects/Personal/ufunc/dist/identity.js">
        <metrics statements="4" coveredstatements="4" conditionals="0" coveredconditionals="0" methods="1" coveredmethods="1"/>
        <line num="2" count="1" type="stmt"/>
        <line num="3" count="1" type="stmt"/>
        <line num="15" count="1" type="stmt"/>
        <line num="17" count="1" type="stmt"/>
      </file>
      <file name="isDev.js" path="/Users/otisvirginie/Projects/Personal/ufunc/dist/isDev.js">
        <metrics statements="4" coveredstatements="4" conditionals="2" coveredconditionals="2" methods="1" coveredmethods="1"/>
        <line num="2" count="1" type="stmt"/>
        <line num="3" count="1" type="stmt"/>
        <line num="18" count="3" type="cond" truecount="2" falsecount="0"/>
        <line num="20" count="1" type="stmt"/>
      </file>
      <file name="isEmpty.js" path="/Users/otisvirginie/Projects/Personal/ufunc/dist/isEmpty.js">
        <metrics statements="11" coveredstatements="11" conditionals="9" coveredconditionals="9" methods="2" coveredmethods="2"/>
        <line num="2" count="1" type="stmt"/>
        <line num="3" count="1" type="stmt"/>
        <line num="22" count="1" type="stmt"/>
        <line num="23" count="13" type="stmt"/>
        <line num="24" count="13" type="cond" truecount="7" falsecount="0"/>
        <line num="28" count="2" type="stmt"/>
        <line num="30" count="5" type="stmt"/>
        <line num="33" count="4" type="stmt"/>
        <line num="35" count="3" type="stmt"/>
        <line num="37" count="1" type="stmt"/>
        <line num="40" count="1" type="stmt"/>
      </file>
      <file name="isError.js" path="/Users/otisvirginie/Projects/Personal/ufunc/dist/isError.js">
        <metrics statements="4" coveredstatements="4" conditionals="0" coveredconditionals="0" methods="1" coveredmethods="1"/>
        <line num="2" count="1" type="stmt"/>
        <line num="3" count="1" type="stmt"/>
        <line num="20" count="2" type="stmt"/>
        <line num="22" count="1" type="stmt"/>
      </file>
      <file name="isFunction.js" path="/Users/otisvirginie/Projects/Personal/ufunc/dist/isFunction.js">
        <metrics statements="4" coveredstatements="4" conditionals="0" coveredconditionals="0" methods="1" coveredmethods="1"/>
        <line num="2" count="1" type="stmt"/>
        <line num="3" count="1" type="stmt"/>
        <line num="19" count="3" type="stmt"/>
        <line num="20" count="1" type="stmt"/>
      </file>
      <file name="isLength.js" path="/Users/otisvirginie/Projects/Personal/ufunc/dist/isLength.js">
        <metrics statements="5" coveredstatements="5" conditionals="2" coveredconditionals="2" methods="2" coveredmethods="2"/>
        <line num="2" count="1" type="stmt"/>
        <line num="3" count="1" type="stmt"/>
        <line num="14" count="8" type="stmt"/>
        <line num="15" count="8" type="cond" truecount="2" falsecount="0"/>
        <line num="17" count="1" type="stmt"/>
      </file>
      <file name="isProduction.js" path="/Users/otisvirginie/Projects/Personal/ufunc/dist/isProduction.js">
        <metrics statements="4" coveredstatements="4" conditionals="2" coveredconditionals="2" methods="1" coveredmethods="1"/>
        <line num="2" count="1" type="stmt"/>
        <line num="3" count="1" type="stmt"/>
        <line num="18" count="3" type="cond" truecount="2" falsecount="0"/>
        <line num="20" count="1" type="stmt"/>
      </file>
      <file name="isString.js" path="/Users/otisvirginie/Projects/Personal/ufunc/dist/isString.js">
        <metrics statements="4" coveredstatements="4" conditionals="0" coveredconditionals="0" methods="1" coveredmethods="1"/>
        <line num="2" count="1" type="stmt"/>
        <line num="3" count="1" type="stmt"/>
        <line num="21" count="8" type="stmt"/>
        <line num="23" count="1" type="stmt"/>
      </file>
      <file name="isStringNumber.js" path="/Users/otisvirginie/Projects/Personal/ufunc/dist/isStringNumber.js">
        <metrics statements="4" coveredstatements="4" conditionals="2" coveredconditionals="2" methods="1" coveredmethods="1"/>
        <line num="2" count="1" type="stmt"/>
        <line num="3" count="1" type="stmt"/>
        <line num="21" count="5" type="cond" truecount="2" falsecount="0"/>
        <line num="23" count="1" type="stmt"/>
      </file>
      <file name="isTest.js" path="/Users/otisvirginie/Projects/Personal/ufunc/dist/isTest.js">
        <metrics statements="4" coveredstatements="4" conditionals="0" coveredconditionals="0" methods="1" coveredmethods="1"/>
        <line num="2" count="1" type="stmt"/>
        <line num="3" count="1" type="stmt"/>
        <line num="18" count="2" type="stmt"/>
        <line num="20" count="1" type="stmt"/>
      </file>
      <file name="isUrl.js" path="/Users/otisvirginie/Projects/Personal/ufunc/dist/isUrl.js">
        <metrics statements="13" coveredstatements="13" conditionals="19" coveredconditionals="19" methods="1" coveredmethods="1"/>
        <line num="14" count="1" type="stmt"/>
        <line num="15" count="1" type="stmt"/>
        <line num="17" count="85" type="cond" truecount="2" falsecount="0"/>
        <line num="18" count="85" type="stmt"/>
        <line num="19" count="85" type="stmt"/>
        <line num="20" count="85" type="stmt"/>
        <line num="21" count="85" type="cond" truecount="2" falsecount="0"/>
        <line num="22" count="1" type="stmt"/>
        <line num="25" count="84" type="stmt"/>
        <line num="26" count="84" type="cond" truecount="4" falsecount="0"/>
        <line num="27" count="84" type="cond" truecount="9" falsecount="0"/>
        <line num="37" count="84" type="cond" truecount="2" falsecount="0"/>
        <line num="42" count="1" type="stmt"/>
      </file>
      <file name="isValidString.js" path="/Users/otisvirginie/Projects/Personal/ufunc/dist/isValidString.js">
        <metrics statements="4" coveredstatements="4" conditionals="2" coveredconditionals="2" methods="1" coveredmethods="1"/>
        <line num="2" count="1" type="stmt"/>
        <line num="3" count="1" type="stmt"/>
        <line num="19" count="11" type="cond" truecount="2" falsecount="0"/>
        <line num="21" count="1" type="stmt"/>
      </file>
      <file name="last.js" path="/Users/otisvirginie/Projects/Personal/ufunc/dist/last.js">
        <metrics statements="4" coveredstatements="4" conditionals="2" coveredconditionals="2" methods="1" coveredmethods="1"/>
        <line num="2" count="1" type="stmt"/>
        <line num="3" count="1" type="stmt"/>
        <line num="21" count="3" type="cond" truecount="2" falsecount="0"/>
        <line num="23" count="1" type="stmt"/>
      </file>
      <file name="option.js" path="/Users/otisvirginie/Projects/Personal/ufunc/dist/option.js">
        <metrics statements="5" coveredstatements="5" conditionals="8" coveredconditionals="8" methods="1" coveredmethods="1"/>
        <line num="2" count="1" type="stmt"/>
        <line num="3" count="1" type="stmt"/>
        <line num="30" count="8" type="cond" truecount="2" falsecount="0"/>
        <line num="31" count="8" type="cond" truecount="6" falsecount="0"/>
        <line num="33" count="1" type="stmt"/>
      </file>
      <file name="someTrue.js" path="/Users/otisvirginie/Projects/Personal/ufunc/dist/someTrue.js">
        <metrics statements="5" coveredstatements="5" conditionals="0" coveredconditionals="0" methods="2" coveredmethods="2"/>
        <line num="2" count="1" type="stmt"/>
        <line num="3" count="1" type="stmt"/>
        <line num="4" count="1" type="stmt"/>
        <line num="23" count="7" type="stmt"/>
        <line num="25" count="1" type="stmt"/>
      </file>
    </package>
    <package name="src">
      <metrics statements="86" coveredstatements="86" conditionals="87" coveredconditionals="87" methods="37" coveredmethods="37"/>
      <file name="argNames.ts" path="/Users/otisvirginie/Projects/Personal/ufunc/src/argNames.ts">
        <metrics statements="6" coveredstatements="6" conditionals="4" coveredconditionals="4" methods="1" coveredmethods="1"/>
        <line num="17" count="1" type="stmt"/>
        <line num="18" count="9" type="cond" truecount="2" falsecount="0"/>
        <line num="19" count="1" type="stmt"/>
        <line num="21" count="8" type="stmt"/>
        <line num="28" count="8" type="stmt"/>
        <line num="29" count="8" type="cond" truecount="2" falsecount="0"/>
      </file>
      <file name="chain.ts" path="/Users/otisvirginie/Projects/Personal/ufunc/src/chain.ts">
        <metrics statements="6" coveredstatements="6" conditionals="0" coveredconditionals="0" methods="4" coveredmethods="4"/>
        <line num="28" count="1" type="stmt"/>
        <line num="30" count="14" type="stmt"/>
        <line num="32" count="4" type="stmt"/>
        <line num="35" count="2" type="stmt"/>
        <line num="39" count="1" type="stmt"/>
        <line num="40" count="2" type="stmt"/>
      </file>
      <file name="clean.ts" path="/Users/otisvirginie/Projects/Personal/ufunc/src/clean.ts">
        <metrics statements="10" coveredstatements="10" conditionals="13" coveredconditionals="13" methods="3" coveredmethods="3"/>
        <line num="18" count="1" type="stmt"/>
        <line num="19" count="8" type="cond" truecount="2" falsecount="0"/>
        <line num="24" count="6" type="stmt"/>
        <line num="25" count="6" type="stmt"/>
        <line num="26" count="51" type="stmt"/>
        <line num="28" count="8" type="cond" truecount="2" falsecount="0"/>
        <line num="30" count="8" type="stmt"/>
        <line num="33" count="9" type="cond" truecount="2" falsecount="0"/>
        <line num="35" count="9" type="cond" truecount="2" falsecount="0"/>
        <line num="37" count="17" type="stmt"/>
      </file>
      <file name="compose.ts" path="/Users/otisvirginie/Projects/Personal/ufunc/src/compose.ts">
        <metrics statements="4" coveredstatements="4" conditionals="2" coveredconditionals="2" methods="2" coveredmethods="2"/>
        <line num="18" count="1" type="stmt"/>
        <line num="19" count="30" type="stmt"/>
        <line num="21" count="10" type="stmt"/>
        <line num="22" count="10" type="stmt"/>
      </file>
      <file name="either.ts" path="/Users/otisvirginie/Projects/Personal/ufunc/src/either.ts">
        <metrics statements="5" coveredstatements="5" conditionals="6" coveredconditionals="6" methods="2" coveredmethods="2"/>
        <line num="24" count="1" type="stmt"/>
        <line num="28" count="8" type="stmt"/>
        <line num="29" count="8" type="cond" truecount="2" falsecount="0"/>
        <line num="30" count="4" type="cond" truecount="2" falsecount="0"/>
        <line num="32" count="4" type="cond" truecount="2" falsecount="0"/>
      </file>
      <file name="eitherPromise.ts" path="/Users/otisvirginie/Projects/Personal/ufunc/src/eitherPromise.ts">
        <metrics statements="5" coveredstatements="5" conditionals="8" coveredconditionals="8" methods="3" coveredmethods="3"/>
        <line num="54" count="9" type="stmt"/>
        <line num="58" count="8" type="stmt"/>
        <line num="59" count="12" type="cond" truecount="2" falsecount="0"/>
        <line num="60" count="6" type="cond" truecount="4" falsecount="0"/>
        <line num="62" count="6" type="cond" truecount="2" falsecount="0"/>
      </file>
      <file name="everyTrue.ts" path="/Users/otisvirginie/Projects/Personal/ufunc/src/everyTrue.ts">
        <metrics statements="2" coveredstatements="2" conditionals="0" coveredconditionals="0" methods="2" coveredmethods="2"/>
        <line num="16" count="1" type="stmt"/>
        <line num="17" count="7" type="stmt"/>
      </file>
      <file name="first.ts" path="/Users/otisvirginie/Projects/Personal/ufunc/src/first.ts">
        <metrics statements="2" coveredstatements="2" conditionals="2" coveredconditionals="2" methods="1" coveredmethods="1"/>
        <line num="16" count="1" type="stmt"/>
        <line num="17" count="3" type="cond" truecount="2" falsecount="0"/>
      </file>
      <file name="head.ts" path="/Users/otisvirginie/Projects/Personal/ufunc/src/head.ts">
        <metrics statements="2" coveredstatements="2" conditionals="4" coveredconditionals="4" methods="1" coveredmethods="1"/>
        <line num="16" count="1" type="stmt"/>
        <line num="17" count="3" type="cond" truecount="4" falsecount="0"/>
      </file>
      <file name="identity.ts" path="/Users/otisvirginie/Projects/Personal/ufunc/src/identity.ts">
        <metrics statements="2" coveredstatements="2" conditionals="0" coveredconditionals="0" methods="1" coveredmethods="1"/>
        <line num="11" count="1" type="stmt"/>
        <line num="12" count="1" type="stmt"/>
      </file>
      <file name="isDev.ts" path="/Users/otisvirginie/Projects/Personal/ufunc/src/isDev.ts">
        <metrics statements="2" coveredstatements="2" conditionals="2" coveredconditionals="2" methods="1" coveredmethods="1"/>
        <line num="14" count="1" type="stmt"/>
        <line num="15" count="3" type="stmt"/>
      </file>
      <file name="isEmpty.ts" path="/Users/otisvirginie/Projects/Personal/ufunc/src/isEmpty.ts">
        <metrics statements="8" coveredstatements="8" conditionals="9" coveredconditionals="9" methods="2" coveredmethods="2"/>
        <line num="19" count="1" type="stmt"/>
        <line num="20" count="13" type="stmt"/>
        <line num="22" count="13" type="stmt"/>
        <line num="26" count="2" type="stmt"/>
        <line num="28" count="5" type="stmt"/>
        <line num="32" count="4" type="stmt"/>
        <line num="35" count="3" type="stmt"/>
        <line num="38" count="1" type="stmt"/>
      </file>
      <file name="isError.ts" path="/Users/otisvirginie/Projects/Personal/ufunc/src/isError.ts">
        <metrics statements="2" coveredstatements="2" conditionals="0" coveredconditionals="0" methods="1" coveredmethods="1"/>
        <line num="16" count="1" type="stmt"/>
        <line num="17" count="2" type="stmt"/>
      </file>
      <file name="isFunction.ts" path="/Users/otisvirginie/Projects/Personal/ufunc/src/isFunction.ts">
        <metrics statements="1" coveredstatements="1" conditionals="0" coveredconditionals="0" methods="1" coveredmethods="1"/>
        <line num="16" count="3" type="stmt"/>
      </file>
      <file name="isLength.ts" path="/Users/otisvirginie/Projects/Personal/ufunc/src/isLength.ts">
        <metrics statements="2" coveredstatements="2" conditionals="2" coveredconditionals="2" methods="2" coveredmethods="2"/>
        <line num="11" count="8" type="stmt"/>
        <line num="12" count="8" type="cond" truecount="2" falsecount="0"/>
      </file>
      <file name="isProduction.ts" path="/Users/otisvirginie/Projects/Personal/ufunc/src/isProduction.ts">
        <metrics statements="2" coveredstatements="2" conditionals="2" coveredconditionals="2" methods="1" coveredmethods="1"/>
        <line num="14" count="1" type="stmt"/>
        <line num="15" count="3" type="stmt"/>
      </file>
      <file name="isString.ts" path="/Users/otisvirginie/Projects/Personal/ufunc/src/isString.ts">
        <metrics statements="2" coveredstatements="2" conditionals="0" coveredconditionals="0" methods="1" coveredmethods="1"/>
        <line num="17" count="1" type="stmt"/>
        <line num="18" count="8" type="stmt"/>
      </file>
      <file name="isStringNumber.ts" path="/Users/otisvirginie/Projects/Personal/ufunc/src/isStringNumber.ts">
        <metrics statements="2" coveredstatements="2" conditionals="2" coveredconditionals="2" methods="1" coveredmethods="1"/>
        <line num="17" count="1" type="stmt"/>
        <line num="18" count="5" type="cond" truecount="2" falsecount="0"/>
      </file>
      <file name="isTest.ts" path="/Users/otisvirginie/Projects/Personal/ufunc/src/isTest.ts">
        <metrics statements="2" coveredstatements="2" conditionals="0" coveredconditionals="0" methods="1" coveredmethods="1"/>
        <line num="14" count="1" type="stmt"/>
        <line num="15" count="2" type="stmt"/>
      </file>
      <file name="isUrl.ts" path="/Users/otisvirginie/Projects/Personal/ufunc/src/isUrl.ts">
        <metrics statements="10" coveredstatements="10" conditionals="19" coveredconditionals="19" methods="1" coveredmethods="1"/>
        <line num="14" count="162" type="cond" truecount="2" falsecount="0"/>
        <line num="15" count="85" type="stmt"/>
        <line num="16" count="85" type="stmt"/>
        <line num="17" count="85" type="stmt"/>
        <line num="19" count="85" type="cond" truecount="2" falsecount="0"/>
        <line num="20" count="1" type="stmt"/>
        <line num="22" count="84" type="stmt"/>
        <line num="23" count="84" type="cond" truecount="4" falsecount="0"/>
        <line num="26" count="84" type="cond" truecount="9" falsecount="0"/>
        <line num="37" count="84" type="stmt"/>
      </file>
      <file name="isValidString.ts" path="/Users/otisvirginie/Projects/Personal/ufunc/src/isValidString.ts">
        <metrics statements="2" coveredstatements="2" conditionals="2" coveredconditionals="2" methods="1" coveredmethods="1"/>
        <line num="15" count="1" type="stmt"/>
        <line num="16" count="11" type="cond" truecount="2" falsecount="0"/>
      </file>
      <file name="last.ts" path="/Users/otisvirginie/Projects/Personal/ufunc/src/last.ts">
        <metrics statements="2" coveredstatements="2" conditionals="2" coveredconditionals="2" methods="1" coveredmethods="1"/>
        <line num="17" count="1" type="stmt"/>
        <line num="18" count="3" type="cond" truecount="2" falsecount="0"/>
      </file>
      <file name="option.ts" path="/Users/otisvirginie/Projects/Personal/ufunc/src/option.ts">
        <metrics statements="3" coveredstatements="3" conditionals="8" coveredconditionals="8" methods="1" coveredmethods="1"/>
        <line num="26" count="1" type="stmt"/>
        <line num="27" count="8" type="cond" truecount="2" falsecount="0"/>
        <line num="28" count="8" type="cond" truecount="6" falsecount="0"/>
      </file>
      <file name="someTrue.ts" path="/Users/otisvirginie/Projects/Personal/ufunc/src/someTrue.ts">
        <metrics statements="2" coveredstatements="2" conditionals="0" coveredconditionals="0" methods="2" coveredmethods="2"/>
        <line num="18" count="1" type="stmt"/>
        <line num="19" count="7" type="stmt"/>
      </file>
    </package>
  </project>
</coverage>
