{"/Users/otisvirginie/Projects/Personal/ufunc/dist/argNames.js": {"path":"/Users/otisvirginie/Projects/Personal/ufunc/dist/argNames.js","statementMap":{"0":{"start":{"line":17,"column":0},"end":{"line":17,"column":62}},"1":{"start":{"line":18,"column":0},"end":{"line":18,"column":26}},"2":{"start":{"line":20,"column":4},"end":{"line":30,"column":5}},"3":{"start":{"line":21,"column":8},"end":{"line":21,"column":18}},"4":{"start":{"line":24,"column":20},"end":{"line":27,"column":66}},"5":{"start":{"line":28,"column":21},"end":{"line":28,"column":54}},"6":{"start":{"line":29,"column":8},"end":{"line":29,"column":75}},"7":{"start":{"line":32,"column":0},"end":{"line":32,"column":28}}},"fnMap":{"0":{"name":"argNames","decl":{"start":{"line":19,"column":9},"end":{"line":19,"column":17}},"loc":{"start":{"line":19,"column":22},"end":{"line":31,"column":1}},"line":19}},"branchMap":{"0":{"loc":{"start":{"line":20,"column":4},"end":{"line":30,"column":5}},"type":"if","locations":[{"start":{"line":20,"column":4},"end":{"line":30,"column":5}},{"start":{"line":20,"column":4},"end":{"line":30,"column":5}}],"line":20},"1":{"loc":{"start":{"line":29,"column":15},"end":{"line":29,"column":74}},"type":"cond-expr","locations":[{"start":{"line":29,"column":37},"end":{"line":29,"column":39}},{"start":{"line":29,"column":42},"end":{"line":29,"column":74}}],"line":29}},"s":{"0":1,"1":1,"2":9,"3":1,"4":8,"5":8,"6":8,"7":1},"f":{"0":9},"b":{"0":[1,8],"1":[2,6]},"inputSourceMap":null,"_coverageSchema":"1a1c01bbd47fc00a2c39e90264f33305004495a9","hash":"612ef41dc344e0b90f1aba9170a849eb22e597b8"}
,"/Users/otisvirginie/Projects/Personal/ufunc/dist/chain.js": {"path":"/Users/otisvirginie/Projects/Personal/ufunc/dist/chain.js","statementMap":{"0":{"start":{"line":2,"column":0},"end":{"line":2,"column":62}},"1":{"start":{"line":3,"column":0},"end":{"line":3,"column":23}},"2":{"start":{"line":4,"column":14},"end":{"line":4,"column":30}},"3":{"start":{"line":29,"column":14},"end":{"line":29,"column":16}},"4":{"start":{"line":30,"column":4},"end":{"line":39,"column":5}},"5":{"start":{"line":32,"column":13},"end":{"line":32,"column":14}},"6":{"start":{"line":38,"column":8},"end":{"line":38,"column":32}},"7":{"start":{"line":40,"column":4},"end":{"line":48,"column":6}},"8":{"start":{"line":43,"column":12},"end":{"line":43,"column":74}},"9":{"start":{"line":46,"column":12},"end":{"line":46,"column":102}},"10":{"start":{"line":46,"column":60},"end":{"line":46,"column":84}},"11":{"start":{"line":50,"column":0},"end":{"line":50,"column":22}}},"fnMap":{"0":{"name":"chain","decl":{"start":{"line":27,"column":9},"end":{"line":27,"column":14}},"loc":{"start":{"line":27,"column":17},"end":{"line":49,"column":1}},"line":27},"1":{"name":"(anonymous_1)","decl":{"start":{"line":41,"column":15},"end":{"line":41,"column":16}},"loc":{"start":{"line":41,"column":29},"end":{"line":44,"column":9}},"line":41},"2":{"name":"(anonymous_2)","decl":{"start":{"line":45,"column":14},"end":{"line":45,"column":15}},"loc":{"start":{"line":45,"column":38},"end":{"line":47,"column":9}},"line":45},"3":{"name":"(anonymous_3)","decl":{"start":{"line":46,"column":30},"end":{"line":46,"column":31}},"loc":{"start":{"line":46,"column":58},"end":{"line":46,"column":86}},"line":46}},"branchMap":{},"s":{"0":1,"1":1,"2":1,"3":4,"4":4,"5":4,"6":6,"7":4,"8":2,"9":1,"10":2,"11":1},"f":{"0":4,"1":2,"2":1,"3":2},"b":{},"inputSourceMap":null,"_coverageSchema":"1a1c01bbd47fc00a2c39e90264f33305004495a9","hash":"34cfc3e2b194210651bada5878d4145f9163b887"}
,"/Users/otisvirginie/Projects/Personal/ufunc/dist/clean.js": {"path":"/Users/otisvirginie/Projects/Personal/ufunc/dist/clean.js","statementMap":{"0":{"start":{"line":2,"column":0},"end":{"line":2,"column":62}},"1":{"start":{"line":3,"column":0},"end":{"line":3,"column":23}},"2":{"start":{"line":22,"column":4},"end":{"line":22,"column":45}},"3":{"start":{"line":22,"column":30},"end":{"line":22,"column":43}},"4":{"start":{"line":23,"column":4},"end":{"line":38,"column":6}},"5":{"start":{"line":24,"column":8},"end":{"line":37,"column":11}},"6":{"start":{"line":25,"column":12},"end":{"line":36,"column":13}},"7":{"start":{"line":27,"column":20},"end":{"line":27,"column":75}},"8":{"start":{"line":29,"column":20},"end":{"line":29,"column":49}},"9":{"start":{"line":31,"column":20},"end":{"line":31,"column":76}},"10":{"start":{"line":33,"column":20},"end":{"line":33,"column":70}},"11":{"start":{"line":35,"column":20},"end":{"line":35,"column":38}},"12":{"start":{"line":40,"column":0},"end":{"line":40,"column":22}}},"fnMap":{"0":{"name":"clean","decl":{"start":{"line":21,"column":9},"end":{"line":21,"column":14}},"loc":{"start":{"line":21,"column":24},"end":{"line":39,"column":1}},"line":21},"1":{"name":"(anonymous_1)","decl":{"start":{"line":23,"column":11},"end":{"line":23,"column":12}},"loc":{"start":{"line":23,"column":27},"end":{"line":38,"column":5}},"line":23},"2":{"name":"(anonymous_2)","decl":{"start":{"line":24,"column":27},"end":{"line":24,"column":28}},"loc":{"start":{"line":24,"column":40},"end":{"line":37,"column":9}},"line":24}},"branchMap":{"0":{"loc":{"start":{"line":22,"column":4},"end":{"line":22,"column":45}},"type":"if","locations":[{"start":{"line":22,"column":4},"end":{"line":22,"column":45}},{"start":{"line":22,"column":4},"end":{"line":22,"column":45}}],"line":22},"1":{"loc":{"start":{"line":25,"column":12},"end":{"line":36,"column":13}},"type":"switch","locations":[{"start":{"line":26,"column":16},"end":{"line":27,"column":75}},{"start":{"line":28,"column":16},"end":{"line":29,"column":49}},{"start":{"line":30,"column":16},"end":{"line":31,"column":76}},{"start":{"line":32,"column":16},"end":{"line":33,"column":70}},{"start":{"line":34,"column":16},"end":{"line":35,"column":38}}],"line":25},"2":{"loc":{"start":{"line":27,"column":27},"end":{"line":27,"column":74}},"type":"cond-expr","locations":[{"start":{"line":27,"column":57},"end":{"line":27,"column":61}},{"start":{"line":27,"column":64},"end":{"line":27,"column":74}}],"line":27},"3":{"loc":{"start":{"line":31,"column":27},"end":{"line":31,"column":75}},"type":"cond-expr","locations":[{"start":{"line":31,"column":57},"end":{"line":31,"column":62}},{"start":{"line":31,"column":65},"end":{"line":31,"column":75}}],"line":31},"4":{"loc":{"start":{"line":33,"column":27},"end":{"line":33,"column":69}},"type":"cond-expr","locations":[{"start":{"line":33,"column":51},"end":{"line":33,"column":56}},{"start":{"line":33,"column":59},"end":{"line":33,"column":69}}],"line":33}},"s":{"0":1,"1":1,"2":6,"3":2,"4":6,"5":6,"6":51,"7":8,"8":8,"9":9,"10":9,"11":17,"12":1},"f":{"0":6,"1":6,"2":51},"b":{"0":[2,4],"1":[8,8,9,9,17],"2":[4,4],"3":[1,8],"4":[1,8]},"inputSourceMap":null,"_coverageSchema":"1a1c01bbd47fc00a2c39e90264f33305004495a9","hash":"dec99ef78e09e75317089e961f599a1727f017ab"}
,"/Users/otisvirginie/Projects/Personal/ufunc/dist/compose.js": {"path":"/Users/otisvirginie/Projects/Personal/ufunc/dist/compose.js","statementMap":{"0":{"start":{"line":2,"column":0},"end":{"line":2,"column":62}},"1":{"start":{"line":3,"column":0},"end":{"line":3,"column":25}},"2":{"start":{"line":22,"column":14},"end":{"line":22,"column":16}},"3":{"start":{"line":23,"column":4},"end":{"line":25,"column":5}},"4":{"start":{"line":23,"column":18},"end":{"line":23,"column":19}},"5":{"start":{"line":24,"column":8},"end":{"line":24,"column":32}},"6":{"start":{"line":26,"column":4},"end":{"line":30,"column":6}},"7":{"start":{"line":27,"column":8},"end":{"line":29,"column":94}},"8":{"start":{"line":32,"column":0},"end":{"line":32,"column":26}}},"fnMap":{"0":{"name":"compose","decl":{"start":{"line":21,"column":9},"end":{"line":21,"column":16}},"loc":{"start":{"line":21,"column":19},"end":{"line":31,"column":1}},"line":21},"1":{"name":"(anonymous_1)","decl":{"start":{"line":26,"column":11},"end":{"line":26,"column":12}},"loc":{"start":{"line":26,"column":28},"end":{"line":30,"column":5}},"line":26}},"branchMap":{"0":{"loc":{"start":{"line":27,"column":15},"end":{"line":29,"column":93}},"type":"cond-expr","locations":[{"start":{"line":28,"column":14},"end":{"line":28,"column":19}},{"start":{"line":29,"column":14},"end":{"line":29,"column":93}}],"line":27}},"s":{"0":1,"1":1,"2":10,"3":10,"4":10,"5":10,"6":10,"7":10,"8":1},"f":{"0":10,"1":10},"b":{"0":[4,6]},"inputSourceMap":null,"_coverageSchema":"1a1c01bbd47fc00a2c39e90264f33305004495a9","hash":"69ecf8a9d21076bf97a50f70bb2c87a16574890f"}
,"/Users/otisvirginie/Projects/Personal/ufunc/dist/either.js": {"path":"/Users/otisvirginie/Projects/Personal/ufunc/dist/either.js","statementMap":{"0":{"start":{"line":2,"column":0},"end":{"line":2,"column":62}},"1":{"start":{"line":3,"column":0},"end":{"line":3,"column":24}},"2":{"start":{"line":28,"column":4},"end":{"line":35,"column":6}},"3":{"start":{"line":29,"column":8},"end":{"line":34,"column":9}},"4":{"start":{"line":30,"column":12},"end":{"line":30,"column":62}},"5":{"start":{"line":33,"column":12},"end":{"line":33,"column":62}},"6":{"start":{"line":37,"column":0},"end":{"line":37,"column":24}}},"fnMap":{"0":{"name":"either","decl":{"start":{"line":27,"column":9},"end":{"line":27,"column":15}},"loc":{"start":{"line":27,"column":28},"end":{"line":36,"column":1}},"line":27},"1":{"name":"(anonymous_1)","decl":{"start":{"line":28,"column":11},"end":{"line":28,"column":12}},"loc":{"start":{"line":28,"column":32},"end":{"line":35,"column":5}},"line":28}},"branchMap":{"0":{"loc":{"start":{"line":29,"column":8},"end":{"line":34,"column":9}},"type":"if","locations":[{"start":{"line":29,"column":8},"end":{"line":34,"column":9}},{"start":{"line":29,"column":8},"end":{"line":34,"column":9}}],"line":29},"1":{"loc":{"start":{"line":30,"column":19},"end":{"line":30,"column":61}},"type":"cond-expr","locations":[{"start":{"line":30,"column":48},"end":{"line":30,"column":54}},{"start":{"line":30,"column":57},"end":{"line":30,"column":61}}],"line":30},"2":{"loc":{"start":{"line":33,"column":19},"end":{"line":33,"column":61}},"type":"cond-expr","locations":[{"start":{"line":33,"column":48},"end":{"line":33,"column":54}},{"start":{"line":33,"column":57},"end":{"line":33,"column":61}}],"line":33}},"s":{"0":1,"1":1,"2":8,"3":8,"4":4,"5":4,"6":1},"f":{"0":8,"1":8},"b":{"0":[4,4],"1":[2,2],"2":[2,2]},"inputSourceMap":null,"_coverageSchema":"1a1c01bbd47fc00a2c39e90264f33305004495a9","hash":"0b5017e002b4b5b3c6cf79236510be2f7e06dc34"}
,"/Users/otisvirginie/Projects/Personal/ufunc/dist/eitherPromise.js": {"path":"/Users/otisvirginie/Projects/Personal/ufunc/dist/eitherPromise.js","statementMap":{"0":{"start":{"line":2,"column":0},"end":{"line":2,"column":62}},"1":{"start":{"line":3,"column":0},"end":{"line":3,"column":31}},"2":{"start":{"line":4,"column":14},"end":{"line":4,"column":30}},"3":{"start":{"line":59,"column":16},"end":{"line":59,"column":20}},"4":{"start":{"line":60,"column":4},"end":{"line":87,"column":10}},"5":{"start":{"line":60,"column":34},"end":{"line":87,"column":7}},"6":{"start":{"line":62,"column":8},"end":{"line":86,"column":11}},"7":{"start":{"line":63,"column":12},"end":{"line":85,"column":13}},"8":{"start":{"line":65,"column":20},"end":{"line":65,"column":60}},"9":{"start":{"line":65,"column":36},"end":{"line":65,"column":60}},"10":{"start":{"line":66,"column":20},"end":{"line":66,"column":79}},"11":{"start":{"line":66,"column":55},"end":{"line":66,"column":79}},"12":{"start":{"line":67,"column":20},"end":{"line":67,"column":49}},"13":{"start":{"line":69,"column":20},"end":{"line":69,"column":35}},"14":{"start":{"line":70,"column":20},"end":{"line":70,"column":44}},"15":{"start":{"line":72,"column":20},"end":{"line":72,"column":30}},"16":{"start":{"line":73,"column":20},"end":{"line":73,"column":33}},"17":{"start":{"line":74,"column":24},"end":{"line":74,"column":50}},"18":{"start":{"line":76,"column":20},"end":{"line":76,"column":79}},"19":{"start":{"line":76,"column":55},"end":{"line":76,"column":79}},"20":{"start":{"line":77,"column":20},"end":{"line":77,"column":49}},"21":{"start":{"line":79,"column":20},"end":{"line":79,"column":35}},"22":{"start":{"line":80,"column":20},"end":{"line":80,"column":44}},"23":{"start":{"line":82,"column":20},"end":{"line":82,"column":30}},"24":{"start":{"line":83,"column":20},"end":{"line":83,"column":33}},"25":{"start":{"line":84,"column":24},"end":{"line":84,"column":50}},"26":{"start":{"line":89,"column":0},"end":{"line":89,"column":38}}},"fnMap":{"0":{"name":"eitherPromise","decl":{"start":{"line":58,"column":9},"end":{"line":58,"column":22}},"loc":{"start":{"line":58,"column":35},"end":{"line":88,"column":1}},"line":58},"1":{"name":"(anonymous_1)","decl":{"start":{"line":60,"column":11},"end":{"line":60,"column":12}},"loc":{"start":{"line":60,"column":32},"end":{"line":87,"column":9}},"line":60},"2":{"name":"(anonymous_2)","decl":{"start":{"line":60,"column":82},"end":{"line":60,"column":83}},"loc":{"start":{"line":60,"column":94},"end":{"line":87,"column":5}},"line":60},"3":{"name":"(anonymous_3)","decl":{"start":{"line":62,"column":41},"end":{"line":62,"column":42}},"loc":{"start":{"line":62,"column":55},"end":{"line":86,"column":9}},"line":62}},"branchMap":{"0":{"loc":{"start":{"line":63,"column":12},"end":{"line":85,"column":13}},"type":"switch","locations":[{"start":{"line":64,"column":16},"end":{"line":67,"column":49}},{"start":{"line":68,"column":16},"end":{"line":70,"column":44}},{"start":{"line":71,"column":16},"end":{"line":73,"column":33}},{"start":{"line":74,"column":16},"end":{"line":74,"column":50}},{"start":{"line":75,"column":16},"end":{"line":77,"column":49}},{"start":{"line":78,"column":16},"end":{"line":80,"column":44}},{"start":{"line":81,"column":16},"end":{"line":83,"column":33}},{"start":{"line":84,"column":16},"end":{"line":84,"column":50}}],"line":63},"1":{"loc":{"start":{"line":65,"column":20},"end":{"line":65,"column":60}},"type":"if","locations":[{"start":{"line":65,"column":20},"end":{"line":65,"column":60}},{"start":{"line":65,"column":20},"end":{"line":65,"column":60}}],"line":65},"2":{"loc":{"start":{"line":66,"column":20},"end":{"line":66,"column":79}},"type":"if","locations":[{"start":{"line":66,"column":20},"end":{"line":66,"column":79}},{"start":{"line":66,"column":20},"end":{"line":66,"column":79}}],"line":66},"3":{"loc":{"start":{"line":76,"column":20},"end":{"line":76,"column":79}},"type":"if","locations":[{"start":{"line":76,"column":20},"end":{"line":76,"column":79}},{"start":{"line":76,"column":20},"end":{"line":76,"column":79}}],"line":76}},"s":{"0":1,"1":1,"2":1,"3":8,"4":8,"5":8,"6":8,"7":24,"8":8,"9":4,"10":4,"11":2,"12":2,"13":2,"14":2,"15":2,"16":2,"17":4,"18":4,"19":2,"20":2,"21":2,"22":2,"23":2,"24":2,"25":4,"26":1},"f":{"0":8,"1":8,"2":8,"3":24},"b":{"0":[8,2,2,4,4,2,2,4],"1":[4,4],"2":[2,2],"3":[2,2]},"inputSourceMap":null,"_coverageSchema":"1a1c01bbd47fc00a2c39e90264f33305004495a9","hash":"455da6bb242c0736011ebabe8eb2168199dd38a1"}
,"/Users/otisvirginie/Projects/Personal/ufunc/dist/everyTrue.js": {"path":"/Users/otisvirginie/Projects/Personal/ufunc/dist/everyTrue.js","statementMap":{"0":{"start":{"line":2,"column":0},"end":{"line":2,"column":62}},"1":{"start":{"line":3,"column":0},"end":{"line":3,"column":27}},"2":{"start":{"line":4,"column":14},"end":{"line":4,"column":30}},"3":{"start":{"line":21,"column":4},"end":{"line":21,"column":83}},"4":{"start":{"line":21,"column":61},"end":{"line":21,"column":79}},"5":{"start":{"line":23,"column":0},"end":{"line":23,"column":30}}},"fnMap":{"0":{"name":"everyTrue","decl":{"start":{"line":20,"column":9},"end":{"line":20,"column":18}},"loc":{"start":{"line":20,"column":25},"end":{"line":22,"column":1}},"line":20},"1":{"name":"(anonymous_1)","decl":{"start":{"line":21,"column":46},"end":{"line":21,"column":47}},"loc":{"start":{"line":21,"column":59},"end":{"line":21,"column":81}},"line":21}},"branchMap":{},"s":{"0":1,"1":1,"2":1,"3":2,"4":7,"5":1},"f":{"0":2,"1":7},"b":{},"inputSourceMap":null,"_coverageSchema":"1a1c01bbd47fc00a2c39e90264f33305004495a9","hash":"131bea29e37c5781b3ff8205b9b51f66d39fe51a"}
,"/Users/otisvirginie/Projects/Personal/ufunc/dist/first.js": {"path":"/Users/otisvirginie/Projects/Personal/ufunc/dist/first.js","statementMap":{"0":{"start":{"line":2,"column":0},"end":{"line":2,"column":62}},"1":{"start":{"line":3,"column":0},"end":{"line":3,"column":23}},"2":{"start":{"line":20,"column":4},"end":{"line":20,"column":53}},"3":{"start":{"line":22,"column":0},"end":{"line":22,"column":22}}},"fnMap":{"0":{"name":"first","decl":{"start":{"line":19,"column":9},"end":{"line":19,"column":14}},"loc":{"start":{"line":19,"column":21},"end":{"line":21,"column":1}},"line":19}},"branchMap":{"0":{"loc":{"start":{"line":20,"column":11},"end":{"line":20,"column":52}},"type":"cond-expr","locations":[{"start":{"line":20,"column":33},"end":{"line":20,"column":40}},{"start":{"line":20,"column":43},"end":{"line":20,"column":52}}],"line":20}},"s":{"0":1,"1":1,"2":3,"3":1},"f":{"0":3},"b":{"0":[2,1]},"inputSourceMap":null,"_coverageSchema":"1a1c01bbd47fc00a2c39e90264f33305004495a9","hash":"4a4a2b499596f6cd27ded38ca42a0dc9cd08ddb3"}
,"/Users/otisvirginie/Projects/Personal/ufunc/dist/head.js": {"path":"/Users/otisvirginie/Projects/Personal/ufunc/dist/head.js","statementMap":{"0":{"start":{"line":2,"column":0},"end":{"line":2,"column":62}},"1":{"start":{"line":3,"column":0},"end":{"line":3,"column":22}},"2":{"start":{"line":20,"column":4},"end":{"line":20,"column":69}},"3":{"start":{"line":22,"column":0},"end":{"line":22,"column":20}}},"fnMap":{"0":{"name":"head","decl":{"start":{"line":19,"column":9},"end":{"line":19,"column":13}},"loc":{"start":{"line":19,"column":20},"end":{"line":21,"column":1}},"line":19}},"branchMap":{"0":{"loc":{"start":{"line":20,"column":11},"end":{"line":20,"column":68}},"type":"cond-expr","locations":[{"start":{"line":20,"column":54},"end":{"line":20,"column":63}},{"start":{"line":20,"column":66},"end":{"line":20,"column":68}}],"line":20},"1":{"loc":{"start":{"line":20,"column":11},"end":{"line":20,"column":51}},"type":"binary-expr","locations":[{"start":{"line":20,"column":11},"end":{"line":20,"column":30}},{"start":{"line":20,"column":34},"end":{"line":20,"column":51}}],"line":20}},"s":{"0":1,"1":1,"2":3,"3":1},"f":{"0":3},"b":{"0":[1,2],"1":[3,2]},"inputSourceMap":null,"_coverageSchema":"1a1c01bbd47fc00a2c39e90264f33305004495a9","hash":"2bc955a1d322278c6dc0aed262a1cfe3b4b17a4f"}
,"/Users/otisvirginie/Projects/Personal/ufunc/dist/identity.js": {"path":"/Users/otisvirginie/Projects/Personal/ufunc/dist/identity.js","statementMap":{"0":{"start":{"line":2,"column":0},"end":{"line":2,"column":62}},"1":{"start":{"line":3,"column":0},"end":{"line":3,"column":26}},"2":{"start":{"line":15,"column":4},"end":{"line":15,"column":15}},"3":{"start":{"line":17,"column":0},"end":{"line":17,"column":28}}},"fnMap":{"0":{"name":"identity","decl":{"start":{"line":14,"column":9},"end":{"line":14,"column":17}},"loc":{"start":{"line":14,"column":23},"end":{"line":16,"column":1}},"line":14}},"branchMap":{},"s":{"0":1,"1":1,"2":1,"3":1},"f":{"0":1},"b":{},"inputSourceMap":null,"_coverageSchema":"1a1c01bbd47fc00a2c39e90264f33305004495a9","hash":"35f710d37c4d9b280d93c8d20db4aeaffbfa1dec"}
,"/Users/otisvirginie/Projects/Personal/ufunc/dist/isDev.js": {"path":"/Users/otisvirginie/Projects/Personal/ufunc/dist/isDev.js","statementMap":{"0":{"start":{"line":2,"column":0},"end":{"line":2,"column":62}},"1":{"start":{"line":3,"column":0},"end":{"line":3,"column":23}},"2":{"start":{"line":18,"column":4},"end":{"line":18,"column":86}},"3":{"start":{"line":20,"column":0},"end":{"line":20,"column":22}}},"fnMap":{"0":{"name":"isDev","decl":{"start":{"line":17,"column":9},"end":{"line":17,"column":14}},"loc":{"start":{"line":17,"column":17},"end":{"line":19,"column":1}},"line":17}},"branchMap":{"0":{"loc":{"start":{"line":18,"column":12},"end":{"line":18,"column":84}},"type":"binary-expr","locations":[{"start":{"line":18,"column":12},"end":{"line":18,"column":42}},{"start":{"line":18,"column":46},"end":{"line":18,"column":84}}],"line":18}},"s":{"0":1,"1":1,"2":3,"3":1},"f":{"0":3},"b":{"0":[3,2]},"inputSourceMap":null,"_coverageSchema":"1a1c01bbd47fc00a2c39e90264f33305004495a9","hash":"697e6a426b592f443011c2ba62177fc7626b6e7d"}
,"/Users/otisvirginie/Projects/Personal/ufunc/dist/isEmpty.js": {"path":"/Users/otisvirginie/Projects/Personal/ufunc/dist/isEmpty.js","statementMap":{"0":{"start":{"line":2,"column":0},"end":{"line":2,"column":62}},"1":{"start":{"line":3,"column":0},"end":{"line":3,"column":25}},"2":{"start":{"line":22,"column":14},"end":{"line":39,"column":1}},"3":{"start":{"line":23,"column":15},"end":{"line":23,"column":27}},"4":{"start":{"line":24,"column":4},"end":{"line":38,"column":5}},"5":{"start":{"line":28,"column":40},"end":{"line":28,"column":72}},"6":{"start":{"line":30,"column":12},"end":{"line":30,"column":24}},"7":{"start":{"line":33,"column":12},"end":{"line":33,"column":25}},"8":{"start":{"line":35,"column":12},"end":{"line":35,"column":46}},"9":{"start":{"line":37,"column":12},"end":{"line":37,"column":26}},"10":{"start":{"line":40,"column":0},"end":{"line":40,"column":26}}},"fnMap":{"0":{"name":"(anonymous_0)","decl":{"start":{"line":22,"column":14},"end":{"line":22,"column":15}},"loc":{"start":{"line":22,"column":31},"end":{"line":39,"column":1}},"line":22},"1":{"name":"(anonymous_1)","decl":{"start":{"line":28,"column":25},"end":{"line":28,"column":26}},"loc":{"start":{"line":28,"column":38},"end":{"line":28,"column":74}},"line":28}},"branchMap":{"0":{"loc":{"start":{"line":24,"column":4},"end":{"line":38,"column":5}},"type":"switch","locations":[{"start":{"line":25,"column":8},"end":{"line":25,"column":27}},{"start":{"line":26,"column":8},"end":{"line":26,"column":32}},{"start":{"line":27,"column":8},"end":{"line":30,"column":24}},{"start":{"line":31,"column":8},"end":{"line":31,"column":31}},{"start":{"line":32,"column":8},"end":{"line":33,"column":25}},{"start":{"line":34,"column":8},"end":{"line":35,"column":46}},{"start":{"line":36,"column":8},"end":{"line":37,"column":26}}],"line":24},"1":{"loc":{"start":{"line":27,"column":13},"end":{"line":29,"column":28}},"type":"binary-expr","locations":[{"start":{"line":27,"column":13},"end":{"line":27,"column":33}},{"start":{"line":28,"column":12},"end":{"line":29,"column":28}}],"line":27}},"s":{"0":1,"1":1,"2":1,"3":13,"4":13,"5":2,"6":5,"7":4,"8":3,"9":1,"10":1},"f":{"0":13,"1":2},"b":{"0":[2,4,5,2,4,3,1],"1":[9,2]},"inputSourceMap":null,"_coverageSchema":"1a1c01bbd47fc00a2c39e90264f33305004495a9","hash":"c418d4f2084e0038a221da9217c7dbd1f7e2a017"}
,"/Users/otisvirginie/Projects/Personal/ufunc/dist/isError.js": {"path":"/Users/otisvirginie/Projects/Personal/ufunc/dist/isError.js","statementMap":{"0":{"start":{"line":2,"column":0},"end":{"line":2,"column":62}},"1":{"start":{"line":3,"column":0},"end":{"line":3,"column":25}},"2":{"start":{"line":20,"column":4},"end":{"line":20,"column":34}},"3":{"start":{"line":22,"column":0},"end":{"line":22,"column":26}}},"fnMap":{"0":{"name":"isError","decl":{"start":{"line":19,"column":9},"end":{"line":19,"column":16}},"loc":{"start":{"line":19,"column":24},"end":{"line":21,"column":1}},"line":19}},"branchMap":{},"s":{"0":1,"1":1,"2":2,"3":1},"f":{"0":2},"b":{},"inputSourceMap":null,"_coverageSchema":"1a1c01bbd47fc00a2c39e90264f33305004495a9","hash":"b7e19618b7180761d44ab806b26a8f9f47f63b35"}
,"/Users/otisvirginie/Projects/Personal/ufunc/dist/isFunction.js": {"path":"/Users/otisvirginie/Projects/Personal/ufunc/dist/isFunction.js","statementMap":{"0":{"start":{"line":2,"column":0},"end":{"line":2,"column":62}},"1":{"start":{"line":3,"column":0},"end":{"line":3,"column":28}},"2":{"start":{"line":19,"column":17},"end":{"line":19,"column":73}},"3":{"start":{"line":19,"column":36},"end":{"line":19,"column":71}},"4":{"start":{"line":20,"column":0},"end":{"line":20,"column":32}}},"fnMap":{"0":{"name":"(anonymous_0)","decl":{"start":{"line":19,"column":17},"end":{"line":19,"column":18}},"loc":{"start":{"line":19,"column":34},"end":{"line":19,"column":73}},"line":19}},"branchMap":{},"s":{"0":1,"1":1,"2":1,"3":3,"4":1},"f":{"0":3},"b":{},"inputSourceMap":null,"_coverageSchema":"1a1c01bbd47fc00a2c39e90264f33305004495a9","hash":"88f051260a3bd14f1d3387be26564b7f705130d0"}
,"/Users/otisvirginie/Projects/Personal/ufunc/dist/isLength.js": {"path":"/Users/otisvirginie/Projects/Personal/ufunc/dist/isLength.js","statementMap":{"0":{"start":{"line":2,"column":0},"end":{"line":2,"column":62}},"1":{"start":{"line":3,"column":0},"end":{"line":3,"column":26}},"2":{"start":{"line":14,"column":15},"end":{"line":16,"column":4}},"3":{"start":{"line":14,"column":35},"end":{"line":16,"column":2}},"4":{"start":{"line":15,"column":4},"end":{"line":15,"column":52}},"5":{"start":{"line":17,"column":0},"end":{"line":17,"column":28}}},"fnMap":{"0":{"name":"(anonymous_0)","decl":{"start":{"line":14,"column":15},"end":{"line":14,"column":16}},"loc":{"start":{"line":14,"column":33},"end":{"line":16,"column":4}},"line":14},"1":{"name":"(anonymous_1)","decl":{"start":{"line":14,"column":42},"end":{"line":14,"column":43}},"loc":{"start":{"line":14,"column":59},"end":{"line":16,"column":1}},"line":14}},"branchMap":{"0":{"loc":{"start":{"line":15,"column":11},"end":{"line":15,"column":51}},"type":"binary-expr","locations":[{"start":{"line":15,"column":11},"end":{"line":15,"column":24}},{"start":{"line":15,"column":28},"end":{"line":15,"column":51}}],"line":15}},"s":{"0":1,"1":1,"2":1,"3":8,"4":8,"5":1},"f":{"0":8,"1":8},"b":{"0":[8,8]},"inputSourceMap":null,"_coverageSchema":"1a1c01bbd47fc00a2c39e90264f33305004495a9","hash":"8f23fea4252badc38d089674ca62501d8dfbe692"}
,"/Users/otisvirginie/Projects/Personal/ufunc/dist/isProduction.js": {"path":"/Users/otisvirginie/Projects/Personal/ufunc/dist/isProduction.js","statementMap":{"0":{"start":{"line":2,"column":0},"end":{"line":2,"column":62}},"1":{"start":{"line":3,"column":0},"end":{"line":3,"column":30}},"2":{"start":{"line":18,"column":4},"end":{"line":18,"column":86}},"3":{"start":{"line":20,"column":0},"end":{"line":20,"column":36}}},"fnMap":{"0":{"name":"isProduction","decl":{"start":{"line":17,"column":9},"end":{"line":17,"column":21}},"loc":{"start":{"line":17,"column":24},"end":{"line":19,"column":1}},"line":17}},"branchMap":{"0":{"loc":{"start":{"line":18,"column":12},"end":{"line":18,"column":84}},"type":"binary-expr","locations":[{"start":{"line":18,"column":12},"end":{"line":18,"column":43}},{"start":{"line":18,"column":47},"end":{"line":18,"column":84}}],"line":18}},"s":{"0":1,"1":1,"2":3,"3":1},"f":{"0":3},"b":{"0":[3,2]},"inputSourceMap":null,"_coverageSchema":"1a1c01bbd47fc00a2c39e90264f33305004495a9","hash":"07350f5fc82cbfa37a2b51ac2f6f560a1a64f2f0"}
,"/Users/otisvirginie/Projects/Personal/ufunc/dist/isString.js": {"path":"/Users/otisvirginie/Projects/Personal/ufunc/dist/isString.js","statementMap":{"0":{"start":{"line":2,"column":0},"end":{"line":2,"column":62}},"1":{"start":{"line":3,"column":0},"end":{"line":3,"column":26}},"2":{"start":{"line":21,"column":4},"end":{"line":21,"column":37}},"3":{"start":{"line":23,"column":0},"end":{"line":23,"column":28}}},"fnMap":{"0":{"name":"isString","decl":{"start":{"line":20,"column":9},"end":{"line":20,"column":17}},"loc":{"start":{"line":20,"column":25},"end":{"line":22,"column":1}},"line":20}},"branchMap":{},"s":{"0":1,"1":1,"2":8,"3":1},"f":{"0":8},"b":{},"inputSourceMap":null,"_coverageSchema":"1a1c01bbd47fc00a2c39e90264f33305004495a9","hash":"336f219ff7662bd89594a78e027951e4954b24ca"}
,"/Users/otisvirginie/Projects/Personal/ufunc/dist/isStringNumber.js": {"path":"/Users/otisvirginie/Projects/Personal/ufunc/dist/isStringNumber.js","statementMap":{"0":{"start":{"line":2,"column":0},"end":{"line":2,"column":62}},"1":{"start":{"line":3,"column":0},"end":{"line":3,"column":32}},"2":{"start":{"line":21,"column":4},"end":{"line":21,"column":71}},"3":{"start":{"line":23,"column":0},"end":{"line":23,"column":40}}},"fnMap":{"0":{"name":"isStringNumber","decl":{"start":{"line":20,"column":9},"end":{"line":20,"column":23}},"loc":{"start":{"line":20,"column":31},"end":{"line":22,"column":1}},"line":20}},"branchMap":{"0":{"loc":{"start":{"line":21,"column":11},"end":{"line":21,"column":70}},"type":"binary-expr","locations":[{"start":{"line":21,"column":11},"end":{"line":21,"column":36}},{"start":{"line":21,"column":40},"end":{"line":21,"column":70}}],"line":21}},"s":{"0":1,"1":1,"2":5,"3":1},"f":{"0":5},"b":{"0":[5,4]},"inputSourceMap":null,"_coverageSchema":"1a1c01bbd47fc00a2c39e90264f33305004495a9","hash":"175b1c69abcd74f9ccc092a12c1df631b2790599"}
,"/Users/otisvirginie/Projects/Personal/ufunc/dist/isTest.js": {"path":"/Users/otisvirginie/Projects/Personal/ufunc/dist/isTest.js","statementMap":{"0":{"start":{"line":2,"column":0},"end":{"line":2,"column":62}},"1":{"start":{"line":3,"column":0},"end":{"line":3,"column":24}},"2":{"start":{"line":18,"column":4},"end":{"line":18,"column":43}},"3":{"start":{"line":20,"column":0},"end":{"line":20,"column":24}}},"fnMap":{"0":{"name":"isTest","decl":{"start":{"line":17,"column":9},"end":{"line":17,"column":15}},"loc":{"start":{"line":17,"column":18},"end":{"line":19,"column":1}},"line":17}},"branchMap":{},"s":{"0":1,"1":1,"2":2,"3":1},"f":{"0":2},"b":{},"inputSourceMap":null,"_coverageSchema":"1a1c01bbd47fc00a2c39e90264f33305004495a9","hash":"7ced54a1392912b86eca9c0954d3f20d271944f3"}
,"/Users/otisvirginie/Projects/Personal/ufunc/dist/isUrl.js": {"path":"/Users/otisvirginie/Projects/Personal/ufunc/dist/isUrl.js","statementMap":{"0":{"start":{"line":14,"column":0},"end":{"line":14,"column":62}},"1":{"start":{"line":15,"column":0},"end":{"line":15,"column":23}},"2":{"start":{"line":17,"column":4},"end":{"line":17,"column":58}},"3":{"start":{"line":17,"column":35},"end":{"line":17,"column":56}},"4":{"start":{"line":18,"column":30},"end":{"line":18,"column":52}},"5":{"start":{"line":19,"column":28},"end":{"line":19,"column":323}},"6":{"start":{"line":20,"column":31},"end":{"line":20,"column":50}},"7":{"start":{"line":21,"column":4},"end":{"line":40,"column":5}},"8":{"start":{"line":22,"column":8},"end":{"line":22,"column":21}},"9":{"start":{"line":25,"column":20},"end":{"line":25,"column":53}},"10":{"start":{"line":26,"column":38},"end":{"line":26,"column":92}},"11":{"start":{"line":27,"column":24},"end":{"line":36,"column":64}},"12":{"start":{"line":37,"column":8},"end":{"line":39,"column":65}},"13":{"start":{"line":42,"column":0},"end":{"line":42,"column":22}}},"fnMap":{"0":{"name":"isUrl","decl":{"start":{"line":16,"column":9},"end":{"line":16,"column":14}},"loc":{"start":{"line":16,"column":37},"end":{"line":41,"column":1}},"line":16}},"branchMap":{"0":{"loc":{"start":{"line":17,"column":4},"end":{"line":17,"column":58}},"type":"if","locations":[{"start":{"line":17,"column":4},"end":{"line":17,"column":58}},{"start":{"line":17,"column":4},"end":{"line":17,"column":58}}],"line":17},"1":{"loc":{"start":{"line":21,"column":4},"end":{"line":40,"column":5}},"type":"if","locations":[{"start":{"line":21,"column":4},"end":{"line":40,"column":5}},{"start":{"line":21,"column":4},"end":{"line":40,"column":5}}],"line":21},"2":{"loc":{"start":{"line":26,"column":38},"end":{"line":26,"column":92}},"type":"cond-expr","locations":[{"start":{"line":26,"column":75},"end":{"line":26,"column":81}},{"start":{"line":26,"column":84},"end":{"line":26,"column":92}}],"line":26},"3":{"loc":{"start":{"line":26,"column":38},"end":{"line":26,"column":72}},"type":"binary-expr","locations":[{"start":{"line":26,"column":38},"end":{"line":26,"column":52}},{"start":{"line":26,"column":56},"end":{"line":26,"column":72}}],"line":26},"4":{"loc":{"start":{"line":27,"column":24},"end":{"line":36,"column":64}},"type":"binary-expr","locations":[{"start":{"line":27,"column":24},"end":{"line":27,"column":30}},{"start":{"line":28,"column":12},"end":{"line":28,"column":36}},{"start":{"line":29,"column":12},"end":{"line":29,"column":46}},{"start":{"line":30,"column":12},"end":{"line":30,"column":47}},{"start":{"line":31,"column":12},"end":{"line":31,"column":46}},{"start":{"line":32,"column":12},"end":{"line":32,"column":46}},{"start":{"line":33,"column":12},"end":{"line":33,"column":49}},{"start":{"line":35,"column":13},"end":{"line":35,"column":26}},{"start":{"line":36,"column":16},"end":{"line":36,"column":63}}],"line":27},"5":{"loc":{"start":{"line":37,"column":15},"end":{"line":39,"column":64}},"type":"cond-expr","locations":[{"start":{"line":38,"column":14},"end":{"line":38,"column":19}},{"start":{"line":39,"column":14},"end":{"line":39,"column":64}}],"line":37}},"s":{"0":1,"1":1,"2":85,"3":77,"4":85,"5":85,"6":85,"7":85,"8":1,"9":84,"10":84,"11":84,"12":84,"13":1},"f":{"0":85},"b":{"0":[77,8],"1":[1,84],"2":[7,77],"3":[84,77],"4":[84,77,77,75,74,73,73,70,62],"5":[20,64]},"inputSourceMap":null,"_coverageSchema":"1a1c01bbd47fc00a2c39e90264f33305004495a9","hash":"61c3c2a134f60e06641123a8505e6dc291e681d2"}
,"/Users/otisvirginie/Projects/Personal/ufunc/dist/isValidString.js": {"path":"/Users/otisvirginie/Projects/Personal/ufunc/dist/isValidString.js","statementMap":{"0":{"start":{"line":2,"column":0},"end":{"line":2,"column":62}},"1":{"start":{"line":3,"column":0},"end":{"line":3,"column":31}},"2":{"start":{"line":19,"column":4},"end":{"line":19,"column":60}},"3":{"start":{"line":21,"column":0},"end":{"line":21,"column":38}}},"fnMap":{"0":{"name":"isValidString","decl":{"start":{"line":18,"column":9},"end":{"line":18,"column":22}},"loc":{"start":{"line":18,"column":30},"end":{"line":20,"column":1}},"line":18}},"branchMap":{"0":{"loc":{"start":{"line":19,"column":11},"end":{"line":19,"column":59}},"type":"binary-expr","locations":[{"start":{"line":19,"column":11},"end":{"line":19,"column":36}},{"start":{"line":19,"column":40},"end":{"line":19,"column":59}}],"line":19}},"s":{"0":1,"1":1,"2":11,"3":1},"f":{"0":11},"b":{"0":[11,2]},"inputSourceMap":null,"_coverageSchema":"1a1c01bbd47fc00a2c39e90264f33305004495a9","hash":"fcfc4270099a6526a5faf13cd3877cf9218cabf1"}
,"/Users/otisvirginie/Projects/Personal/ufunc/dist/last.js": {"path":"/Users/otisvirginie/Projects/Personal/ufunc/dist/last.js","statementMap":{"0":{"start":{"line":2,"column":0},"end":{"line":2,"column":62}},"1":{"start":{"line":3,"column":0},"end":{"line":3,"column":22}},"2":{"start":{"line":21,"column":4},"end":{"line":21,"column":67}},"3":{"start":{"line":23,"column":0},"end":{"line":23,"column":20}}},"fnMap":{"0":{"name":"last","decl":{"start":{"line":20,"column":9},"end":{"line":20,"column":13}},"loc":{"start":{"line":20,"column":20},"end":{"line":22,"column":1}},"line":20}},"branchMap":{"0":{"loc":{"start":{"line":21,"column":11},"end":{"line":21,"column":66}},"type":"cond-expr","locations":[{"start":{"line":21,"column":33},"end":{"line":21,"column":54}},{"start":{"line":21,"column":57},"end":{"line":21,"column":66}}],"line":21}},"s":{"0":1,"1":1,"2":3,"3":1},"f":{"0":3},"b":{"0":[2,1]},"inputSourceMap":null,"_coverageSchema":"1a1c01bbd47fc00a2c39e90264f33305004495a9","hash":"0463db896f60211218ea20a160e9b715044388af"}
,"/Users/otisvirginie/Projects/Personal/ufunc/dist/option.js": {"path":"/Users/otisvirginie/Projects/Personal/ufunc/dist/option.js","statementMap":{"0":{"start":{"line":2,"column":0},"end":{"line":2,"column":62}},"1":{"start":{"line":3,"column":0},"end":{"line":3,"column":24}},"2":{"start":{"line":30,"column":16},"end":{"line":30,"column":58}},"3":{"start":{"line":31,"column":4},"end":{"line":31,"column":101}},"4":{"start":{"line":33,"column":0},"end":{"line":33,"column":24}}},"fnMap":{"0":{"name":"option","decl":{"start":{"line":29,"column":9},"end":{"line":29,"column":15}},"loc":{"start":{"line":29,"column":28},"end":{"line":32,"column":1}},"line":29}},"branchMap":{"0":{"loc":{"start":{"line":30,"column":16},"end":{"line":30,"column":58}},"type":"cond-expr","locations":[{"start":{"line":30,"column":45},"end":{"line":30,"column":51}},{"start":{"line":30,"column":54},"end":{"line":30,"column":58}}],"line":30},"1":{"loc":{"start":{"line":31,"column":11},"end":{"line":31,"column":100}},"type":"cond-expr","locations":[{"start":{"line":31,"column":48},"end":{"line":31,"column":53}},{"start":{"line":31,"column":57},"end":{"line":31,"column":99}}],"line":31},"2":{"loc":{"start":{"line":31,"column":11},"end":{"line":31,"column":45}},"type":"binary-expr","locations":[{"start":{"line":31,"column":11},"end":{"line":31,"column":25}},{"start":{"line":31,"column":29},"end":{"line":31,"column":45}}],"line":31},"3":{"loc":{"start":{"line":31,"column":57},"end":{"line":31,"column":99}},"type":"cond-expr","locations":[{"start":{"line":31,"column":86},"end":{"line":31,"column":92}},{"start":{"line":31,"column":95},"end":{"line":31,"column":99}}],"line":31}},"s":{"0":1,"1":1,"2":8,"3":8,"4":1},"f":{"0":8},"b":{"0":[4,4],"1":[4,4],"2":[8,4],"3":[2,2]},"inputSourceMap":null,"_coverageSchema":"1a1c01bbd47fc00a2c39e90264f33305004495a9","hash":"89b6f6ab5b360bb6f1a740529e90874fb6ead047"}
,"/Users/otisvirginie/Projects/Personal/ufunc/dist/someTrue.js": {"path":"/Users/otisvirginie/Projects/Personal/ufunc/dist/someTrue.js","statementMap":{"0":{"start":{"line":2,"column":0},"end":{"line":2,"column":62}},"1":{"start":{"line":3,"column":0},"end":{"line":3,"column":26}},"2":{"start":{"line":4,"column":14},"end":{"line":4,"column":30}},"3":{"start":{"line":23,"column":4},"end":{"line":23,"column":82}},"4":{"start":{"line":23,"column":60},"end":{"line":23,"column":78}},"5":{"start":{"line":25,"column":0},"end":{"line":25,"column":28}}},"fnMap":{"0":{"name":"someTrue","decl":{"start":{"line":22,"column":9},"end":{"line":22,"column":17}},"loc":{"start":{"line":22,"column":24},"end":{"line":24,"column":1}},"line":22},"1":{"name":"(anonymous_1)","decl":{"start":{"line":23,"column":45},"end":{"line":23,"column":46}},"loc":{"start":{"line":23,"column":58},"end":{"line":23,"column":80}},"line":23}},"branchMap":{},"s":{"0":1,"1":1,"2":1,"3":4,"4":7,"5":1},"f":{"0":4,"1":7},"b":{},"inputSourceMap":null,"_coverageSchema":"1a1c01bbd47fc00a2c39e90264f33305004495a9","hash":"7a6e1c258be7f8656138e0eb046eeaa55003b1d0"}
,"/Users/otisvirginie/Projects/Personal/ufunc/src/argNames.ts": {"path":"/Users/otisvirginie/Projects/Personal/ufunc/src/argNames.ts","statementMap":{"0":{"start":{"line":18,"column":2},"end":{"line":30,"column":null}},"1":{"start":{"line":19,"column":4},"end":{"line":19,"column":14}},"2":{"start":{"line":21,"column":18},"end":{"line":25,"column":null}},"3":{"start":{"line":28,"column":19},"end":{"line":28,"column":52}},"4":{"start":{"line":29,"column":4},"end":{"line":29,"column":71}},"5":{"start":{"line":17,"column":0},"end":{"line":17,"column":16}}},"fnMap":{"0":{"name":"argNames","decl":{"start":{"line":17,"column":16},"end":{"line":17,"column":24}},"loc":{"start":{"line":17,"column":50},"end":{"line":31,"column":1}}}},"branchMap":{"0":{"loc":{"start":{"line":18,"column":2},"end":{"line":30,"column":null}},"type":"if","locations":[{"start":{"line":18,"column":2},"end":{"line":30,"column":null}},{"start":{"line":18,"column":2},"end":{"line":30,"column":null}}]},"1":{"loc":{"start":{"line":29,"column":33},"end":{"line":29,"column":35}},"type":"cond-expr","locations":[{"start":{"line":29,"column":33},"end":{"line":29,"column":35}},{"start":{"line":29,"column":38},"end":{"line":29,"column":70}}]}},"s":{"0":9,"1":1,"2":8,"3":8,"4":8,"5":1},"f":{"0":9},"b":{"0":[1,8],"1":[2,6]}}
,"/Users/otisvirginie/Projects/Personal/ufunc/src/chain.ts": {"path":"/Users/otisvirginie/Projects/Personal/ufunc/src/chain.ts","statementMap":{"0":{"start":{"line":30,"column":2},"end":{"line":30,"column":20}},"1":{"start":{"line":32,"column":2},"end":{"line":44,"column":4}},"2":{"start":{"line":35,"column":6},"end":{"line":35,"column":36}},"3":{"start":{"line":39,"column":6},"end":{"line":42,"column":8}},"4":{"start":{"line":40,"column":45},"end":{"line":40,"column":null}},"5":{"start":{"line":28,"column":0},"end":{"line":28,"column":16}}},"fnMap":{"0":{"name":"chain","decl":{"start":{"line":28,"column":16},"end":{"line":28,"column":21}},"loc":{"start":{"line":28,"column":21},"end":{"line":45,"column":1}}},"1":{"name":"(anonymous_1)","decl":{"start":{"line":33,"column":11},"end":{"line":33,"column":32}},"loc":{"start":{"line":33,"column":37},"end":{"line":36,"column":5}}},"2":{"name":"(anonymous_2)","decl":{"start":{"line":38,"column":10},"end":{"line":38,"column":14}},"loc":{"start":{"line":38,"column":29},"end":{"line":43,"column":5}}},"3":{"name":"(anonymous_3)","decl":{"start":{"line":40,"column":8},"end":{"line":40,"column":9}},"loc":{"start":{"line":40,"column":40},"end":{"line":40,"column":46}}}},"branchMap":{},"s":{"0":14,"1":4,"2":2,"3":1,"4":2,"5":1},"f":{"0":4,"1":2,"2":1,"3":2},"b":{}}
,"/Users/otisvirginie/Projects/Personal/ufunc/src/clean.ts": {"path":"/Users/otisvirginie/Projects/Personal/ufunc/src/clean.ts","statementMap":{"0":{"start":{"line":19,"column":2},"end":{"line":22,"column":null}},"1":{"start":{"line":24,"column":2},"end":{"line":40,"column":4}},"2":{"start":{"line":25,"column":4},"end":{"line":39,"column":7}},"3":{"start":{"line":26,"column":6},"end":{"line":38,"column":null}},"4":{"start":{"line":28,"column":10},"end":{"line":28,"column":65}},"5":{"start":{"line":30,"column":10},"end":{"line":30,"column":39}},"6":{"start":{"line":33,"column":10},"end":{"line":33,"column":66}},"7":{"start":{"line":35,"column":10},"end":{"line":35,"column":60}},"8":{"start":{"line":37,"column":10},"end":{"line":37,"column":28}},"9":{"start":{"line":18,"column":0},"end":{"line":18,"column":16}}},"fnMap":{"0":{"name":"clean","decl":{"start":{"line":18,"column":16},"end":{"line":18,"column":21}},"loc":{"start":{"line":22,"column":8},"end":{"line":41,"column":1}}},"1":{"name":"(anonymous_1)","decl":{"start":{"line":24,"column":9},"end":{"line":24,"column":10}},"loc":{"start":{"line":24,"column":28},"end":{"line":40,"column":3}}},"2":{"name":"(anonymous_2)","decl":{"start":{"line":25,"column":23},"end":{"line":25,"column":24}},"loc":{"start":{"line":25,"column":30},"end":{"line":39,"column":5}}}},"branchMap":{"0":{"loc":{"start":{"line":19,"column":2},"end":{"line":22,"column":null}},"type":"if","locations":[{"start":{"line":19,"column":2},"end":{"line":22,"column":null}},{"start":{"line":19,"column":2},"end":{"line":22,"column":null}}]},"1":{"loc":{"start":{"line":27,"column":8},"end":{"line":28,"column":65}},"type":"switch","locations":[{"start":{"line":27,"column":8},"end":{"line":28,"column":65}},{"start":{"line":29,"column":8},"end":{"line":30,"column":39}},{"start":{"line":32,"column":8},"end":{"line":33,"column":66}},{"start":{"line":34,"column":8},"end":{"line":35,"column":60}},{"start":{"line":36,"column":8},"end":{"line":37,"column":28}}]},"2":{"loc":{"start":{"line":28,"column":47},"end":{"line":28,"column":51}},"type":"cond-expr","locations":[{"start":{"line":28,"column":47},"end":{"line":28,"column":51}},{"start":{"line":28,"column":54},"end":{"line":28,"column":64}}]},"3":{"loc":{"start":{"line":33,"column":47},"end":{"line":33,"column":52}},"type":"cond-expr","locations":[{"start":{"line":33,"column":47},"end":{"line":33,"column":52}},{"start":{"line":33,"column":55},"end":{"line":33,"column":65}}]},"4":{"loc":{"start":{"line":35,"column":41},"end":{"line":35,"column":46}},"type":"cond-expr","locations":[{"start":{"line":35,"column":41},"end":{"line":35,"column":46}},{"start":{"line":35,"column":49},"end":{"line":35,"column":59}}]}},"s":{"0":8,"1":6,"2":6,"3":51,"4":8,"5":8,"6":9,"7":9,"8":17,"9":1},"f":{"0":6,"1":6,"2":51},"b":{"0":[2,4],"1":[8,8,9,9,17],"2":[4,4],"3":[1,8],"4":[1,8]}}
,"/Users/otisvirginie/Projects/Personal/ufunc/src/compose.ts": {"path":"/Users/otisvirginie/Projects/Personal/ufunc/src/compose.ts","statementMap":{"0":{"start":{"line":19,"column":2},"end":{"line":19,"column":29}},"1":{"start":{"line":21,"column":2},"end":{"line":24,"column":77}},"2":{"start":{"line":22,"column":4},"end":{"line":24,"column":77}},"3":{"start":{"line":18,"column":0},"end":{"line":18,"column":16}}},"fnMap":{"0":{"name":"compose","decl":{"start":{"line":18,"column":16},"end":{"line":18,"column":23}},"loc":{"start":{"line":18,"column":23},"end":{"line":25,"column":1}}},"1":{"name":"(anonymous_1)","decl":{"start":{"line":21,"column":9},"end":{"line":21,"column":13}},"loc":{"start":{"line":21,"column":21},"end":{"line":22,"column":7}}}},"branchMap":{"0":{"loc":{"start":{"line":23,"column":8},"end":{"line":23,"column":13}},"type":"cond-expr","locations":[{"start":{"line":23,"column":8},"end":{"line":23,"column":13}},{"start":{"line":24,"column":8},"end":{"line":24,"column":76}}]}},"s":{"0":30,"1":10,"2":10,"3":1},"f":{"0":10,"1":10},"b":{"0":[4,6]}}
,"/Users/otisvirginie/Projects/Personal/ufunc/src/either.ts": {"path":"/Users/otisvirginie/Projects/Personal/ufunc/src/either.ts","statementMap":{"0":{"start":{"line":28,"column":2},"end":{"line":34,"column":4}},"1":{"start":{"line":29,"column":4},"end":{"line":33,"column":null}},"2":{"start":{"line":30,"column":6},"end":{"line":30,"column":56}},"3":{"start":{"line":32,"column":6},"end":{"line":32,"column":56}},"4":{"start":{"line":24,"column":0},"end":{"line":24,"column":16}}},"fnMap":{"0":{"name":"either","decl":{"start":{"line":24,"column":16},"end":{"line":24,"column":22}},"loc":{"start":{"line":26,"column":12},"end":{"line":35,"column":1}}},"1":{"name":"(anonymous_1)","decl":{"start":{"line":28,"column":9},"end":{"line":28,"column":13}},"loc":{"start":{"line":28,"column":31},"end":{"line":34,"column":3}}}},"branchMap":{"0":{"loc":{"start":{"line":29,"column":4},"end":{"line":33,"column":null}},"type":"if","locations":[{"start":{"line":29,"column":4},"end":{"line":33,"column":null}},{"start":{"line":29,"column":4},"end":{"line":33,"column":null}}]},"1":{"loc":{"start":{"line":30,"column":42},"end":{"line":30,"column":48}},"type":"cond-expr","locations":[{"start":{"line":30,"column":42},"end":{"line":30,"column":48}},{"start":{"line":30,"column":51},"end":{"line":30,"column":55}}]},"2":{"loc":{"start":{"line":32,"column":42},"end":{"line":32,"column":48}},"type":"cond-expr","locations":[{"start":{"line":32,"column":42},"end":{"line":32,"column":48}},{"start":{"line":32,"column":51},"end":{"line":32,"column":55}}]}},"s":{"0":8,"1":8,"2":4,"3":4,"4":1},"f":{"0":8,"1":8},"b":{"0":[4,4],"1":[2,2],"2":[2,2]}}
,"/Users/otisvirginie/Projects/Personal/ufunc/src/eitherPromise.ts": {"path":"/Users/otisvirginie/Projects/Personal/ufunc/src/eitherPromise.ts","statementMap":{"0":{"start":{"line":54,"column":0},"end":{"line":54,"column":16}},"1":{"start":{"line":58,"column":2},"end":{"line":64,"column":4}},"2":{"start":{"line":58,"column":37},"end":{"line":64,"column":4}},"3":{"start":{"line":59,"column":8},"end":{"line":59,"column":17}},"4":{"start":{"line":60,"column":13},"end":{"line":60,"column":20}},"5":{"start":{"line":60,"column":42},"end":{"line":60,"column":57}},"6":{"start":{"line":60,"column":57},"end":{"line":60,"column":62}},"7":{"start":{"line":60,"column":6},"end":{"line":60,"column":13}},"8":{"start":{"line":62,"column":13},"end":{"line":62,"column":20}},"9":{"start":{"line":62,"column":42},"end":{"line":62,"column":57}},"10":{"start":{"line":62,"column":57},"end":{"line":62,"column":62}},"11":{"start":{"line":62,"column":6},"end":{"line":62,"column":13}}},"fnMap":{"0":{"name":"eitherPromise","decl":{"start":{"line":54,"column":16},"end":{"line":54,"column":29}},"loc":{"start":{"line":56,"column":12},"end":{"line":65,"column":1}}},"1":{"name":"(anonymous_1)","decl":{"start":{"line":58,"column":9},"end":{"line":58,"column":19}},"loc":{"start":{"line":58,"column":37},"end":{"line":64,"column":4}}},"2":{"name":"(anonymous_2)","decl":{"start":{"line":58,"column":37},"end":{"line":58,"column":null}},"loc":{"start":{"line":58,"column":37},"end":{"line":64,"column":4}}}},"branchMap":{"0":{"loc":{"start":{"line":60,"column":6},"end":{"line":60,"column":13}},"type":"switch","locations":[{"start":{"line":60,"column":6},"end":{"line":60,"column":13}},{"start":{"line":62,"column":6},"end":{"line":62,"column":13}}]},"1":{"loc":{"start":{"line":59,"column":8},"end":{"line":59,"column":17}},"type":"if","locations":[{"start":{"line":59,"column":8},"end":{"line":59,"column":17}},{"start":{"line":59,"column":8},"end":{"line":59,"column":17}}]},"2":{"loc":{"start":{"line":60,"column":13},"end":{"line":60,"column":20}},"type":"if","locations":[{"start":{"line":60,"column":13},"end":{"line":60,"column":20}},{"start":{"line":60,"column":13},"end":{"line":60,"column":20}}]},"3":{"loc":{"start":{"line":62,"column":13},"end":{"line":62,"column":20}},"type":"if","locations":[{"start":{"line":62,"column":13},"end":{"line":62,"column":20}},{"start":{"line":62,"column":13},"end":{"line":62,"column":20}}]}},"s":{"0":9,"1":8,"2":8,"3":12,"4":6,"5":4,"6":2,"7":4,"8":6,"9":4,"10":2,"11":4},"f":{"0":8,"1":8,"2":8},"b":{"0":[4,4],"1":[4,4],"2":[2,2],"3":[2,2]}}
,"/Users/otisvirginie/Projects/Personal/ufunc/src/everyTrue.ts": {"path":"/Users/otisvirginie/Projects/Personal/ufunc/src/everyTrue.ts","statementMap":{"0":{"start":{"line":17,"column":2},"end":{"line":17,"column":44}},"1":{"start":{"line":17,"column":32},"end":{"line":17,"column":43}},"2":{"start":{"line":16,"column":0},"end":{"line":16,"column":16}}},"fnMap":{"0":{"name":"everyTrue","decl":{"start":{"line":16,"column":16},"end":{"line":16,"column":25}},"loc":{"start":{"line":16,"column":47},"end":{"line":18,"column":1}}},"1":{"name":"(anonymous_1)","decl":{"start":{"line":17,"column":25},"end":{"line":17,"column":26}},"loc":{"start":{"line":17,"column":27},"end":{"line":17,"column":39}}}},"branchMap":{},"s":{"0":2,"1":7,"2":1},"f":{"0":2,"1":7},"b":{}}
,"/Users/otisvirginie/Projects/Personal/ufunc/src/first.ts": {"path":"/Users/otisvirginie/Projects/Personal/ufunc/src/first.ts","statementMap":{"0":{"start":{"line":17,"column":2},"end":{"line":17,"column":51}},"1":{"start":{"line":16,"column":0},"end":{"line":16,"column":16}}},"fnMap":{"0":{"name":"first","decl":{"start":{"line":16,"column":16},"end":{"line":16,"column":21}},"loc":{"start":{"line":16,"column":43},"end":{"line":18,"column":1}}}},"branchMap":{"0":{"loc":{"start":{"line":17,"column":31},"end":{"line":17,"column":38}},"type":"cond-expr","locations":[{"start":{"line":17,"column":31},"end":{"line":17,"column":38}},{"start":{"line":17,"column":41},"end":{"line":17,"column":50}}]}},"s":{"0":3,"1":1},"f":{"0":3},"b":{"0":[2,1]}}
,"/Users/otisvirginie/Projects/Personal/ufunc/src/head.ts": {"path":"/Users/otisvirginie/Projects/Personal/ufunc/src/head.ts","statementMap":{"0":{"start":{"line":17,"column":2},"end":{"line":17,"column":67}},"1":{"start":{"line":16,"column":0},"end":{"line":16,"column":16}}},"fnMap":{"0":{"name":"head","decl":{"start":{"line":16,"column":16},"end":{"line":16,"column":20}},"loc":{"start":{"line":16,"column":51},"end":{"line":18,"column":1}}}},"branchMap":{"0":{"loc":{"start":{"line":17,"column":52},"end":{"line":17,"column":61}},"type":"cond-expr","locations":[{"start":{"line":17,"column":52},"end":{"line":17,"column":61}},{"start":{"line":17,"column":64},"end":{"line":17,"column":66}}]},"1":{"loc":{"start":{"line":17,"column":9},"end":{"line":17,"column":28}},"type":"binary-expr","locations":[{"start":{"line":17,"column":9},"end":{"line":17,"column":28}},{"start":{"line":17,"column":32},"end":{"line":17,"column":49}}]}},"s":{"0":3,"1":1},"f":{"0":3},"b":{"0":[1,2],"1":[3,2]}}
,"/Users/otisvirginie/Projects/Personal/ufunc/src/identity.ts": {"path":"/Users/otisvirginie/Projects/Personal/ufunc/src/identity.ts","statementMap":{"0":{"start":{"line":12,"column":2},"end":{"line":12,"column":13}},"1":{"start":{"line":11,"column":0},"end":{"line":11,"column":16}}},"fnMap":{"0":{"name":"identity","decl":{"start":{"line":11,"column":16},"end":{"line":11,"column":24}},"loc":{"start":{"line":11,"column":34},"end":{"line":13,"column":1}}}},"branchMap":{},"s":{"0":1,"1":1},"f":{"0":1},"b":{}}
,"/Users/otisvirginie/Projects/Personal/ufunc/src/isDev.ts": {"path":"/Users/otisvirginie/Projects/Personal/ufunc/src/isDev.ts","statementMap":{"0":{"start":{"line":15,"column":2},"end":{"line":17,"column":4}},"1":{"start":{"line":14,"column":0},"end":{"line":14,"column":16}}},"fnMap":{"0":{"name":"isDev","decl":{"start":{"line":14,"column":16},"end":{"line":14,"column":21}},"loc":{"start":{"line":14,"column":21},"end":{"line":18,"column":1}}}},"branchMap":{"0":{"loc":{"start":{"line":16,"column":4},"end":{"line":16,"column":34}},"type":"binary-expr","locations":[{"start":{"line":16,"column":4},"end":{"line":16,"column":34}},{"start":{"line":16,"column":38},"end":{"line":16,"column":76}}]}},"s":{"0":3,"1":1},"f":{"0":3},"b":{"0":[3,2]}}
,"/Users/otisvirginie/Projects/Personal/ufunc/src/isEmpty.ts": {"path":"/Users/otisvirginie/Projects/Personal/ufunc/src/isEmpty.ts","statementMap":{"0":{"start":{"line":19,"column":23},"end":{"line":40,"column":1}},"1":{"start":{"line":20,"column":23},"end":{"line":20,"column":35}},"2":{"start":{"line":22,"column":2},"end":{"line":39,"column":null}},"3":{"start":{"line":26,"column":32},"end":{"line":26,"column":57}},"4":{"start":{"line":28,"column":6},"end":{"line":28,"column":18}},"5":{"start":{"line":32,"column":6},"end":{"line":32,"column":19}},"6":{"start":{"line":35,"column":6},"end":{"line":35,"column":40}},"7":{"start":{"line":38,"column":6},"end":{"line":38,"column":20}},"8":{"start":{"line":19,"column":13},"end":{"line":19,"column":23}}},"fnMap":{"0":{"name":"(anonymous_0)","decl":{"start":{"line":19,"column":23},"end":{"line":19,"column":27}},"loc":{"start":{"line":19,"column":35},"end":{"line":40,"column":1}}},"1":{"name":"(anonymous_1)","decl":{"start":{"line":26,"column":19},"end":{"line":26,"column":23}},"loc":{"start":{"line":26,"column":27},"end":{"line":26,"column":39}}}},"branchMap":{"0":{"loc":{"start":{"line":23,"column":4},"end":{"line":23,"column":23}},"type":"switch","locations":[{"start":{"line":23,"column":4},"end":{"line":23,"column":23}},{"start":{"line":24,"column":4},"end":{"line":24,"column":37}},{"start":{"line":25,"column":4},"end":{"line":28,"column":18}},{"start":{"line":30,"column":4},"end":{"line":30,"column":27}},{"start":{"line":31,"column":4},"end":{"line":32,"column":19}},{"start":{"line":34,"column":4},"end":{"line":35,"column":40}},{"start":{"line":37,"column":4},"end":{"line":38,"column":20}}]},"1":{"loc":{"start":{"line":25,"column":9},"end":{"line":25,"column":29}},"type":"binary-expr","locations":[{"start":{"line":25,"column":9},"end":{"line":25,"column":29}},{"start":{"line":26,"column":6},"end":{"line":27,"column":20}}]}},"s":{"0":1,"1":13,"2":13,"3":2,"4":5,"5":4,"6":3,"7":1,"8":1},"f":{"0":13,"1":2},"b":{"0":[2,4,5,2,4,3,1],"1":[9,2]}}
,"/Users/otisvirginie/Projects/Personal/ufunc/src/isError.ts": {"path":"/Users/otisvirginie/Projects/Personal/ufunc/src/isError.ts","statementMap":{"0":{"start":{"line":17,"column":2},"end":{"line":17,"column":32}},"1":{"start":{"line":16,"column":0},"end":{"line":16,"column":16}}},"fnMap":{"0":{"name":"isError","decl":{"start":{"line":16,"column":16},"end":{"line":16,"column":23}},"loc":{"start":{"line":16,"column":35},"end":{"line":18,"column":1}}}},"branchMap":{},"s":{"0":2,"1":1},"f":{"0":2},"b":{}}
,"/Users/otisvirginie/Projects/Personal/ufunc/src/isFunction.ts": {"path":"/Users/otisvirginie/Projects/Personal/ufunc/src/isFunction.ts","statementMap":{"0":{"start":{"line":16,"column":26},"end":{"line":16,"column":59}},"1":{"start":{"line":16,"column":52},"end":{"line":16,"column":80}},"2":{"start":{"line":16,"column":13},"end":{"line":16,"column":26}}},"fnMap":{"0":{"name":"(anonymous_0)","decl":{"start":{"line":16,"column":26},"end":{"line":16,"column":30}},"loc":{"start":{"line":16,"column":38},"end":{"line":16,"column":59}}}},"branchMap":{},"s":{"0":1,"1":3,"2":1},"f":{"0":3},"b":{}}
,"/Users/otisvirginie/Projects/Personal/ufunc/src/isLength.ts": {"path":"/Users/otisvirginie/Projects/Personal/ufunc/src/isLength.ts","statementMap":{"0":{"start":{"line":11,"column":24},"end":{"line":11,"column":48}},"1":{"start":{"line":11,"column":44},"end":{"line":12,"column":52}},"2":{"start":{"line":12,"column":2},"end":{"line":12,"column":52}},"3":{"start":{"line":11,"column":13},"end":{"line":11,"column":24}}},"fnMap":{"0":{"name":"(anonymous_0)","decl":{"start":{"line":11,"column":24},"end":{"line":11,"column":25}},"loc":{"start":{"line":11,"column":39},"end":{"line":11,"column":48}}},"1":{"name":"(anonymous_1)","decl":{"start":{"line":11,"column":44},"end":{"line":11,"column":48}},"loc":{"start":{"line":11,"column":56},"end":{"line":12,"column":7}}}},"branchMap":{"0":{"loc":{"start":{"line":12,"column":2},"end":{"line":12,"column":15}},"type":"binary-expr","locations":[{"start":{"line":12,"column":2},"end":{"line":12,"column":15}},{"start":{"line":12,"column":20},"end":{"line":12,"column":51}}]}},"s":{"0":1,"1":8,"2":8,"3":1},"f":{"0":8,"1":8},"b":{"0":[8,8]}}
,"/Users/otisvirginie/Projects/Personal/ufunc/src/isProduction.ts": {"path":"/Users/otisvirginie/Projects/Personal/ufunc/src/isProduction.ts","statementMap":{"0":{"start":{"line":15,"column":2},"end":{"line":17,"column":4}},"1":{"start":{"line":14,"column":0},"end":{"line":14,"column":16}}},"fnMap":{"0":{"name":"isProduction","decl":{"start":{"line":14,"column":16},"end":{"line":14,"column":28}},"loc":{"start":{"line":14,"column":28},"end":{"line":18,"column":1}}}},"branchMap":{"0":{"loc":{"start":{"line":16,"column":4},"end":{"line":16,"column":35}},"type":"binary-expr","locations":[{"start":{"line":16,"column":4},"end":{"line":16,"column":35}},{"start":{"line":16,"column":39},"end":{"line":16,"column":76}}]}},"s":{"0":3,"1":1},"f":{"0":3},"b":{"0":[3,2]}}
,"/Users/otisvirginie/Projects/Personal/ufunc/src/isString.ts": {"path":"/Users/otisvirginie/Projects/Personal/ufunc/src/isString.ts","statementMap":{"0":{"start":{"line":18,"column":2},"end":{"line":18,"column":35}},"1":{"start":{"line":17,"column":0},"end":{"line":17,"column":16}}},"fnMap":{"0":{"name":"isString","decl":{"start":{"line":17,"column":16},"end":{"line":17,"column":24}},"loc":{"start":{"line":17,"column":38},"end":{"line":19,"column":1}}}},"branchMap":{},"s":{"0":8,"1":1},"f":{"0":8},"b":{}}
,"/Users/otisvirginie/Projects/Personal/ufunc/src/isStringNumber.ts": {"path":"/Users/otisvirginie/Projects/Personal/ufunc/src/isStringNumber.ts","statementMap":{"0":{"start":{"line":18,"column":2},"end":{"line":18,"column":69}},"1":{"start":{"line":17,"column":0},"end":{"line":17,"column":16}}},"fnMap":{"0":{"name":"isStringNumber","decl":{"start":{"line":17,"column":16},"end":{"line":17,"column":30}},"loc":{"start":{"line":17,"column":44},"end":{"line":19,"column":1}}}},"branchMap":{"0":{"loc":{"start":{"line":18,"column":9},"end":{"line":18,"column":34}},"type":"binary-expr","locations":[{"start":{"line":18,"column":9},"end":{"line":18,"column":34}},{"start":{"line":18,"column":38},"end":{"line":18,"column":68}}]}},"s":{"0":5,"1":1},"f":{"0":5},"b":{"0":[5,4]}}
,"/Users/otisvirginie/Projects/Personal/ufunc/src/isTest.ts": {"path":"/Users/otisvirginie/Projects/Personal/ufunc/src/isTest.ts","statementMap":{"0":{"start":{"line":15,"column":2},"end":{"line":15,"column":41}},"1":{"start":{"line":14,"column":0},"end":{"line":14,"column":16}}},"fnMap":{"0":{"name":"isTest","decl":{"start":{"line":14,"column":16},"end":{"line":14,"column":22}},"loc":{"start":{"line":14,"column":22},"end":{"line":16,"column":1}}}},"branchMap":{},"s":{"0":2,"1":1},"f":{"0":2},"b":{}}
,"/Users/otisvirginie/Projects/Personal/ufunc/src/isUrl.ts": {"path":"/Users/otisvirginie/Projects/Personal/ufunc/src/isUrl.ts","statementMap":{"0":{"start":{"line":14,"column":38},"end":{"line":14,"column":null}},"1":{"start":{"line":15,"column":30},"end":{"line":15,"column":52}},"2":{"start":{"line":16,"column":28},"end":{"line":16,"column":323}},"3":{"start":{"line":17,"column":31},"end":{"line":17,"column":50}},"4":{"start":{"line":19,"column":2},"end":{"line":40,"column":null}},"5":{"start":{"line":20,"column":4},"end":{"line":20,"column":17}},"6":{"start":{"line":22,"column":18},"end":{"line":22,"column":51}},"7":{"start":{"line":23,"column":36},"end":{"line":23,"column":46}},"8":{"start":{"line":26,"column":6},"end":{"line":35,"column":66}},"9":{"start":{"line":37,"column":4},"end":{"line":39,"column":69}},"10":{"start":{"line":14,"column":0},"end":{"line":14,"column":16}}},"fnMap":{"0":{"name":"isUrl","decl":{"start":{"line":14,"column":16},"end":{"line":14,"column":21}},"loc":{"start":{"line":14,"column":58},"end":{"line":41,"column":1}}}},"branchMap":{"0":{"loc":{"start":{"line":14,"column":38},"end":{"line":14,"column":null}},"type":"if","locations":[{"start":{"line":14,"column":38},"end":{"line":14,"column":null}},{"start":{"line":14,"column":38},"end":{"line":14,"column":null}}]},"1":{"loc":{"start":{"line":19,"column":2},"end":{"line":40,"column":null}},"type":"if","locations":[{"start":{"line":19,"column":2},"end":{"line":40,"column":null}},{"start":{"line":19,"column":2},"end":{"line":40,"column":null}}]},"2":{"loc":{"start":{"line":23,"column":41},"end":{"line":23,"column":44}},"type":"cond-expr","locations":[{"start":{"line":23,"column":41},"end":{"line":23,"column":44}},{"start":{"line":23,"column":36},"end":{"line":23,"column":46}}]},"3":{"loc":{"start":{"line":23,"column":36},"end":{"line":23,"column":44}},"type":"binary-expr","locations":[{"start":{"line":23,"column":36},"end":{"line":23,"column":44}},{"start":{"line":23,"column":36},"end":{"line":23,"column":44}}]},"4":{"loc":{"start":{"line":26,"column":6},"end":{"line":26,"column":12}},"type":"binary-expr","locations":[{"start":{"line":26,"column":6},"end":{"line":26,"column":12}},{"start":{"line":27,"column":6},"end":{"line":27,"column":30}},{"start":{"line":28,"column":6},"end":{"line":28,"column":40}},{"start":{"line":29,"column":6},"end":{"line":29,"column":41}},{"start":{"line":30,"column":6},"end":{"line":30,"column":40}},{"start":{"line":31,"column":6},"end":{"line":31,"column":40}},{"start":{"line":32,"column":6},"end":{"line":32,"column":43}},{"start":{"line":34,"column":7},"end":{"line":34,"column":20}},{"start":{"line":35,"column":8},"end":{"line":35,"column":65}}]},"5":{"loc":{"start":{"line":38,"column":8},"end":{"line":38,"column":13}},"type":"cond-expr","locations":[{"start":{"line":38,"column":8},"end":{"line":38,"column":13}},{"start":{"line":39,"column":8},"end":{"line":39,"column":68}}]}},"s":{"0":162,"1":85,"2":85,"3":85,"4":85,"5":1,"6":84,"7":84,"8":84,"9":84,"10":1},"f":{"0":85},"b":{"0":[77,8],"1":[1,84],"2":[7,77],"3":[84,77],"4":[84,77,77,75,74,73,73,70,62],"5":[20,64]}}
,"/Users/otisvirginie/Projects/Personal/ufunc/src/isValidString.ts": {"path":"/Users/otisvirginie/Projects/Personal/ufunc/src/isValidString.ts","statementMap":{"0":{"start":{"line":16,"column":2},"end":{"line":16,"column":58}},"1":{"start":{"line":15,"column":0},"end":{"line":15,"column":16}}},"fnMap":{"0":{"name":"isValidString","decl":{"start":{"line":15,"column":16},"end":{"line":15,"column":29}},"loc":{"start":{"line":15,"column":43},"end":{"line":17,"column":1}}}},"branchMap":{"0":{"loc":{"start":{"line":16,"column":9},"end":{"line":16,"column":34}},"type":"binary-expr","locations":[{"start":{"line":16,"column":9},"end":{"line":16,"column":34}},{"start":{"line":16,"column":38},"end":{"line":16,"column":57}}]}},"s":{"0":11,"1":1},"f":{"0":11},"b":{"0":[11,2]}}
,"/Users/otisvirginie/Projects/Personal/ufunc/src/last.ts": {"path":"/Users/otisvirginie/Projects/Personal/ufunc/src/last.ts","statementMap":{"0":{"start":{"line":18,"column":2},"end":{"line":18,"column":65}},"1":{"start":{"line":17,"column":0},"end":{"line":17,"column":16}}},"fnMap":{"0":{"name":"last","decl":{"start":{"line":17,"column":16},"end":{"line":17,"column":20}},"loc":{"start":{"line":17,"column":42},"end":{"line":19,"column":1}}}},"branchMap":{"0":{"loc":{"start":{"line":18,"column":31},"end":{"line":18,"column":52}},"type":"cond-expr","locations":[{"start":{"line":18,"column":31},"end":{"line":18,"column":52}},{"start":{"line":18,"column":55},"end":{"line":18,"column":64}}]}},"s":{"0":3,"1":1},"f":{"0":3},"b":{"0":[2,1]}}
,"/Users/otisvirginie/Projects/Personal/ufunc/src/option.ts": {"path":"/Users/otisvirginie/Projects/Personal/ufunc/src/option.ts","statementMap":{"0":{"start":{"line":27,"column":16},"end":{"line":27,"column":58}},"1":{"start":{"line":28,"column":2},"end":{"line":28,"column":63}},"2":{"start":{"line":26,"column":0},"end":{"line":26,"column":16}}},"fnMap":{"0":{"name":"option","decl":{"start":{"line":26,"column":16},"end":{"line":26,"column":22}},"loc":{"start":{"line":26,"column":57},"end":{"line":29,"column":1}}}},"branchMap":{"0":{"loc":{"start":{"line":27,"column":45},"end":{"line":27,"column":51}},"type":"cond-expr","locations":[{"start":{"line":27,"column":45},"end":{"line":27,"column":51}},{"start":{"line":27,"column":54},"end":{"line":27,"column":58}}]},"1":{"loc":{"start":{"line":28,"column":9},"end":{"line":28,"column":14}},"type":"cond-expr","locations":[{"start":{"line":28,"column":9},"end":{"line":28,"column":14}},{"start":{"line":28,"column":19},"end":{"line":28,"column":61}}]},"2":{"loc":{"start":{"line":28,"column":9},"end":{"line":28,"column":18}},"type":"binary-expr","locations":[{"start":{"line":28,"column":9},"end":{"line":28,"column":18}},{"start":{"line":28,"column":9},"end":{"line":28,"column":18}}]},"3":{"loc":{"start":{"line":28,"column":48},"end":{"line":28,"column":54}},"type":"cond-expr","locations":[{"start":{"line":28,"column":48},"end":{"line":28,"column":54}},{"start":{"line":28,"column":57},"end":{"line":28,"column":61}}]}},"s":{"0":8,"1":8,"2":1},"f":{"0":8},"b":{"0":[4,4],"1":[4,4],"2":[8,4],"3":[2,2]}}
,"/Users/otisvirginie/Projects/Personal/ufunc/src/someTrue.ts": {"path":"/Users/otisvirginie/Projects/Personal/ufunc/src/someTrue.ts","statementMap":{"0":{"start":{"line":19,"column":2},"end":{"line":19,"column":43}},"1":{"start":{"line":19,"column":31},"end":{"line":19,"column":42}},"2":{"start":{"line":18,"column":0},"end":{"line":18,"column":16}}},"fnMap":{"0":{"name":"someTrue","decl":{"start":{"line":18,"column":16},"end":{"line":18,"column":24}},"loc":{"start":{"line":18,"column":46},"end":{"line":20,"column":1}}},"1":{"name":"(anonymous_1)","decl":{"start":{"line":19,"column":24},"end":{"line":19,"column":25}},"loc":{"start":{"line":19,"column":26},"end":{"line":19,"column":38}}}},"branchMap":{},"s":{"0":4,"1":7,"2":1},"f":{"0":4,"1":7},"b":{}}
}
