TN:
SF:dist/argNames.js
FN:19,argNames
FNF:1
FNH:1
FNDA:9,argNames
DA:17,1
DA:18,1
DA:20,9
DA:21,1
DA:24,8
DA:28,8
DA:29,8
DA:32,1
LF:8
LH:8
BRDA:20,0,0,1
BRDA:20,0,1,8
BRDA:29,1,0,2
BRDA:29,1,1,6
BRF:4
BRH:4
end_of_record
TN:
SF:dist/chain.js
FN:27,chain
FN:41,(anonymous_1)
FN:45,(anonymous_2)
FN:46,(anonymous_3)
FNF:4
FNH:4
FNDA:4,chain
FNDA:2,(anonymous_1)
FNDA:1,(anonymous_2)
FNDA:2,(anonymous_3)
DA:2,1
DA:3,1
DA:4,1
DA:29,4
DA:30,4
DA:32,4
DA:38,6
DA:40,4
DA:43,2
DA:46,2
DA:50,1
LF:11
LH:11
BRF:0
BRH:0
end_of_record
TN:
SF:dist/clean.js
FN:21,clean
FN:23,(anonymous_1)
FN:24,(anonymous_2)
FNF:3
FNH:3
FNDA:6,clean
FNDA:6,(anonymous_1)
FNDA:51,(anonymous_2)
DA:2,1
DA:3,1
DA:22,6
DA:23,6
DA:24,6
DA:25,51
DA:27,8
DA:29,8
DA:31,9
DA:33,9
DA:35,17
DA:40,1
LF:12
LH:12
BRDA:22,0,0,2
BRDA:22,0,1,4
BRDA:25,1,0,8
BRDA:25,1,1,8
BRDA:25,1,2,9
BRDA:25,1,3,9
BRDA:25,1,4,17
BRDA:27,2,0,4
BRDA:27,2,1,4
BRDA:31,3,0,1
BRDA:31,3,1,8
BRDA:33,4,0,1
BRDA:33,4,1,8
BRF:13
BRH:13
end_of_record
TN:
SF:dist/compose.js
FN:21,compose
FN:26,(anonymous_1)
FNF:2
FNH:2
FNDA:10,compose
FNDA:10,(anonymous_1)
DA:2,1
DA:3,1
DA:22,10
DA:23,10
DA:24,10
DA:26,10
DA:27,10
DA:32,1
LF:8
LH:8
BRDA:27,0,0,4
BRDA:27,0,1,6
BRF:2
BRH:2
end_of_record
TN:
SF:dist/either.js
FN:27,either
FN:28,(anonymous_1)
FNF:2
FNH:2
FNDA:8,either
FNDA:8,(anonymous_1)
DA:2,1
DA:3,1
DA:28,8
DA:29,8
DA:30,4
DA:33,4
DA:37,1
LF:7
LH:7
BRDA:29,0,0,4
BRDA:29,0,1,4
BRDA:30,1,0,2
BRDA:30,1,1,2
BRDA:33,2,0,2
BRDA:33,2,1,2
BRF:6
BRH:6
end_of_record
TN:
SF:dist/eitherPromise.js
FN:58,eitherPromise
FN:60,(anonymous_1)
FN:60,(anonymous_2)
FN:62,(anonymous_3)
FNF:4
FNH:4
FNDA:8,eitherPromise
FNDA:8,(anonymous_1)
FNDA:8,(anonymous_2)
FNDA:24,(anonymous_3)
DA:2,1
DA:3,1
DA:4,1
DA:59,8
DA:60,8
DA:62,8
DA:63,24
DA:65,8
DA:66,4
DA:67,2
DA:69,2
DA:70,2
DA:72,2
DA:73,2
DA:74,4
DA:76,4
DA:77,2
DA:79,2
DA:80,2
DA:82,2
DA:83,2
DA:84,4
DA:89,1
LF:23
LH:23
BRDA:63,0,0,8
BRDA:63,0,1,2
BRDA:63,0,2,2
BRDA:63,0,3,4
BRDA:63,0,4,4
BRDA:63,0,5,2
BRDA:63,0,6,2
BRDA:63,0,7,4
BRDA:65,1,0,4
BRDA:65,1,1,4
BRDA:66,2,0,2
BRDA:66,2,1,2
BRDA:76,3,0,2
BRDA:76,3,1,2
BRF:14
BRH:14
end_of_record
TN:
SF:dist/everyTrue.js
FN:20,everyTrue
FN:21,(anonymous_1)
FNF:2
FNH:2
FNDA:2,everyTrue
FNDA:7,(anonymous_1)
DA:2,1
DA:3,1
DA:4,1
DA:21,7
DA:23,1
LF:5
LH:5
BRF:0
BRH:0
end_of_record
TN:
SF:dist/first.js
FN:19,first
FNF:1
FNH:1
FNDA:3,first
DA:2,1
DA:3,1
DA:20,3
DA:22,1
LF:4
LH:4
BRDA:20,0,0,2
BRDA:20,0,1,1
BRF:2
BRH:2
end_of_record
TN:
SF:dist/head.js
FN:19,head
FNF:1
FNH:1
FNDA:3,head
DA:2,1
DA:3,1
DA:20,3
DA:22,1
LF:4
LH:4
BRDA:20,0,0,1
BRDA:20,0,1,2
BRDA:20,1,0,3
BRDA:20,1,1,2
BRF:4
BRH:4
end_of_record
TN:
SF:dist/identity.js
FN:14,identity
FNF:1
FNH:1
FNDA:1,identity
DA:2,1
DA:3,1
DA:15,1
DA:17,1
LF:4
LH:4
BRF:0
BRH:0
end_of_record
TN:
SF:dist/isDev.js
FN:17,isDev
FNF:1
FNH:1
FNDA:3,isDev
DA:2,1
DA:3,1
DA:18,3
DA:20,1
LF:4
LH:4
BRDA:18,0,0,3
BRDA:18,0,1,2
BRF:2
BRH:2
end_of_record
TN:
SF:dist/isEmpty.js
FN:22,(anonymous_0)
FN:28,(anonymous_1)
FNF:2
FNH:2
FNDA:13,(anonymous_0)
FNDA:2,(anonymous_1)
DA:2,1
DA:3,1
DA:22,1
DA:23,13
DA:24,13
DA:28,2
DA:30,5
DA:33,4
DA:35,3
DA:37,1
DA:40,1
LF:11
LH:11
BRDA:24,0,0,2
BRDA:24,0,1,4
BRDA:24,0,2,5
BRDA:24,0,3,2
BRDA:24,0,4,4
BRDA:24,0,5,3
BRDA:24,0,6,1
BRDA:27,1,0,9
BRDA:27,1,1,2
BRF:9
BRH:9
end_of_record
TN:
SF:dist/isError.js
FN:19,isError
FNF:1
FNH:1
FNDA:2,isError
DA:2,1
DA:3,1
DA:20,2
DA:22,1
LF:4
LH:4
BRF:0
BRH:0
end_of_record
TN:
SF:dist/isFunction.js
FN:19,(anonymous_0)
FNF:1
FNH:1
FNDA:3,(anonymous_0)
DA:2,1
DA:3,1
DA:19,3
DA:20,1
LF:4
LH:4
BRF:0
BRH:0
end_of_record
TN:
SF:dist/isLength.js
FN:14,(anonymous_0)
FN:14,(anonymous_1)
FNF:2
FNH:2
FNDA:8,(anonymous_0)
FNDA:8,(anonymous_1)
DA:2,1
DA:3,1
DA:14,8
DA:15,8
DA:17,1
LF:5
LH:5
BRDA:15,0,0,8
BRDA:15,0,1,8
BRF:2
BRH:2
end_of_record
TN:
SF:dist/isProduction.js
FN:17,isProduction
FNF:1
FNH:1
FNDA:3,isProduction
DA:2,1
DA:3,1
DA:18,3
DA:20,1
LF:4
LH:4
BRDA:18,0,0,3
BRDA:18,0,1,2
BRF:2
BRH:2
end_of_record
TN:
SF:dist/isString.js
FN:20,isString
FNF:1
FNH:1
FNDA:8,isString
DA:2,1
DA:3,1
DA:21,8
DA:23,1
LF:4
LH:4
BRF:0
BRH:0
end_of_record
TN:
SF:dist/isStringNumber.js
FN:20,isStringNumber
FNF:1
FNH:1
FNDA:5,isStringNumber
DA:2,1
DA:3,1
DA:21,5
DA:23,1
LF:4
LH:4
BRDA:21,0,0,5
BRDA:21,0,1,4
BRF:2
BRH:2
end_of_record
TN:
SF:dist/isTest.js
FN:17,isTest
FNF:1
FNH:1
FNDA:2,isTest
DA:2,1
DA:3,1
DA:18,2
DA:20,1
LF:4
LH:4
BRF:0
BRH:0
end_of_record
TN:
SF:dist/isUrl.js
FN:16,isUrl
FNF:1
FNH:1
FNDA:85,isUrl
DA:14,1
DA:15,1
DA:17,85
DA:18,85
DA:19,85
DA:20,85
DA:21,85
DA:22,1
DA:25,84
DA:26,84
DA:27,84
DA:37,84
DA:42,1
LF:13
LH:13
BRDA:17,0,0,77
BRDA:17,0,1,8
BRDA:21,1,0,1
BRDA:21,1,1,84
BRDA:26,2,0,7
BRDA:26,2,1,77
BRDA:26,3,0,84
BRDA:26,3,1,77
BRDA:27,4,0,84
BRDA:27,4,1,77
BRDA:27,4,2,77
BRDA:27,4,3,75
BRDA:27,4,4,74
BRDA:27,4,5,73
BRDA:27,4,6,73
BRDA:27,4,7,70
BRDA:27,4,8,62
BRDA:37,5,0,20
BRDA:37,5,1,64
BRF:19
BRH:19
end_of_record
TN:
SF:dist/isValidString.js
FN:18,isValidString
FNF:1
FNH:1
FNDA:11,isValidString
DA:2,1
DA:3,1
DA:19,11
DA:21,1
LF:4
LH:4
BRDA:19,0,0,11
BRDA:19,0,1,2
BRF:2
BRH:2
end_of_record
TN:
SF:dist/last.js
FN:20,last
FNF:1
FNH:1
FNDA:3,last
DA:2,1
DA:3,1
DA:21,3
DA:23,1
LF:4
LH:4
BRDA:21,0,0,2
BRDA:21,0,1,1
BRF:2
BRH:2
end_of_record
TN:
SF:dist/option.js
FN:29,option
FNF:1
FNH:1
FNDA:8,option
DA:2,1
DA:3,1
DA:30,8
DA:31,8
DA:33,1
LF:5
LH:5
BRDA:30,0,0,4
BRDA:30,0,1,4
BRDA:31,1,0,4
BRDA:31,1,1,4
BRDA:31,2,0,8
BRDA:31,2,1,4
BRDA:31,3,0,2
BRDA:31,3,1,2
BRF:8
BRH:8
end_of_record
TN:
SF:dist/someTrue.js
FN:22,someTrue
FN:23,(anonymous_1)
FNF:2
FNH:2
FNDA:4,someTrue
FNDA:7,(anonymous_1)
DA:2,1
DA:3,1
DA:4,1
DA:23,7
DA:25,1
LF:5
LH:5
BRF:0
BRH:0
end_of_record
TN:
SF:src/argNames.ts
FN:17,argNames
FNF:1
FNH:1
FNDA:9,argNames
DA:17,1
DA:18,9
DA:19,1
DA:21,8
DA:28,8
DA:29,8
LF:6
LH:6
BRDA:18,0,0,1
BRDA:18,0,1,8
BRDA:29,1,0,2
BRDA:29,1,1,6
BRF:4
BRH:4
end_of_record
TN:
SF:src/chain.ts
FN:28,chain
FN:33,(anonymous_1)
FN:38,(anonymous_2)
FN:40,(anonymous_3)
FNF:4
FNH:4
FNDA:4,chain
FNDA:2,(anonymous_1)
FNDA:1,(anonymous_2)
FNDA:2,(anonymous_3)
DA:28,1
DA:30,14
DA:32,4
DA:35,2
DA:39,1
DA:40,2
LF:6
LH:6
BRF:0
BRH:0
end_of_record
TN:
SF:src/clean.ts
FN:18,clean
FN:24,(anonymous_1)
FN:25,(anonymous_2)
FNF:3
FNH:3
FNDA:6,clean
FNDA:6,(anonymous_1)
FNDA:51,(anonymous_2)
DA:18,1
DA:19,8
DA:24,6
DA:25,6
DA:26,51
DA:28,8
DA:30,8
DA:33,9
DA:35,9
DA:37,17
LF:10
LH:10
BRDA:19,0,0,2
BRDA:19,0,1,4
BRDA:27,1,0,8
BRDA:27,1,1,8
BRDA:27,1,2,9
BRDA:27,1,3,9
BRDA:27,1,4,17
BRDA:28,2,0,4
BRDA:28,2,1,4
BRDA:33,3,0,1
BRDA:33,3,1,8
BRDA:35,4,0,1
BRDA:35,4,1,8
BRF:13
BRH:13
end_of_record
TN:
SF:src/compose.ts
FN:18,compose
FN:21,(anonymous_1)
FNF:2
FNH:2
FNDA:10,compose
FNDA:10,(anonymous_1)
DA:18,1
DA:19,30
DA:21,10
DA:22,10
LF:4
LH:4
BRDA:23,0,0,4
BRDA:23,0,1,6
BRF:2
BRH:2
end_of_record
TN:
SF:src/either.ts
FN:24,either
FN:28,(anonymous_1)
FNF:2
FNH:2
FNDA:8,either
FNDA:8,(anonymous_1)
DA:24,1
DA:28,8
DA:29,8
DA:30,4
DA:32,4
LF:5
LH:5
BRDA:29,0,0,4
BRDA:29,0,1,4
BRDA:30,1,0,2
BRDA:30,1,1,2
BRDA:32,2,0,2
BRDA:32,2,1,2
BRF:6
BRH:6
end_of_record
TN:
SF:src/eitherPromise.ts
FN:54,eitherPromise
FN:58,(anonymous_1)
FN:58,(anonymous_2)
FNF:3
FNH:3
FNDA:8,eitherPromise
FNDA:8,(anonymous_1)
FNDA:8,(anonymous_2)
DA:54,9
DA:58,8
DA:59,12
DA:60,6
DA:62,6
LF:5
LH:5
BRDA:60,0,0,4
BRDA:60,0,1,4
BRDA:59,1,0,4
BRDA:59,1,1,4
BRDA:60,2,0,2
BRDA:60,2,1,2
BRDA:62,3,0,2
BRDA:62,3,1,2
BRF:8
BRH:8
end_of_record
TN:
SF:src/everyTrue.ts
FN:16,everyTrue
FN:17,(anonymous_1)
FNF:2
FNH:2
FNDA:2,everyTrue
FNDA:7,(anonymous_1)
DA:16,1
DA:17,7
LF:2
LH:2
BRF:0
BRH:0
end_of_record
TN:
SF:src/first.ts
FN:16,first
FNF:1
FNH:1
FNDA:3,first
DA:16,1
DA:17,3
LF:2
LH:2
BRDA:17,0,0,2
BRDA:17,0,1,1
BRF:2
BRH:2
end_of_record
TN:
SF:src/head.ts
FN:16,head
FNF:1
FNH:1
FNDA:3,head
DA:16,1
DA:17,3
LF:2
LH:2
BRDA:17,0,0,1
BRDA:17,0,1,2
BRDA:17,1,0,3
BRDA:17,1,1,2
BRF:4
BRH:4
end_of_record
TN:
SF:src/identity.ts
FN:11,identity
FNF:1
FNH:1
FNDA:1,identity
DA:11,1
DA:12,1
LF:2
LH:2
BRF:0
BRH:0
end_of_record
TN:
SF:src/isDev.ts
FN:14,isDev
FNF:1
FNH:1
FNDA:3,isDev
DA:14,1
DA:15,3
LF:2
LH:2
BRDA:16,0,0,3
BRDA:16,0,1,2
BRF:2
BRH:2
end_of_record
TN:
SF:src/isEmpty.ts
FN:19,(anonymous_0)
FN:26,(anonymous_1)
FNF:2
FNH:2
FNDA:13,(anonymous_0)
FNDA:2,(anonymous_1)
DA:19,1
DA:20,13
DA:22,13
DA:26,2
DA:28,5
DA:32,4
DA:35,3
DA:38,1
LF:8
LH:8
BRDA:23,0,0,2
BRDA:23,0,1,4
BRDA:23,0,2,5
BRDA:23,0,3,2
BRDA:23,0,4,4
BRDA:23,0,5,3
BRDA:23,0,6,1
BRDA:25,1,0,9
BRDA:25,1,1,2
BRF:9
BRH:9
end_of_record
TN:
SF:src/isError.ts
FN:16,isError
FNF:1
FNH:1
FNDA:2,isError
DA:16,1
DA:17,2
LF:2
LH:2
BRF:0
BRH:0
end_of_record
TN:
SF:src/isFunction.ts
FN:16,(anonymous_0)
FNF:1
FNH:1
FNDA:3,(anonymous_0)
DA:16,3
LF:1
LH:1
BRF:0
BRH:0
end_of_record
TN:
SF:src/isLength.ts
FN:11,(anonymous_0)
FN:11,(anonymous_1)
FNF:2
FNH:2
FNDA:8,(anonymous_0)
FNDA:8,(anonymous_1)
DA:11,8
DA:12,8
LF:2
LH:2
BRDA:12,0,0,8
BRDA:12,0,1,8
BRF:2
BRH:2
end_of_record
TN:
SF:src/isProduction.ts
FN:14,isProduction
FNF:1
FNH:1
FNDA:3,isProduction
DA:14,1
DA:15,3
LF:2
LH:2
BRDA:16,0,0,3
BRDA:16,0,1,2
BRF:2
BRH:2
end_of_record
TN:
SF:src/isString.ts
FN:17,isString
FNF:1
FNH:1
FNDA:8,isString
DA:17,1
DA:18,8
LF:2
LH:2
BRF:0
BRH:0
end_of_record
TN:
SF:src/isStringNumber.ts
FN:17,isStringNumber
FNF:1
FNH:1
FNDA:5,isStringNumber
DA:17,1
DA:18,5
LF:2
LH:2
BRDA:18,0,0,5
BRDA:18,0,1,4
BRF:2
BRH:2
end_of_record
TN:
SF:src/isTest.ts
FN:14,isTest
FNF:1
FNH:1
FNDA:2,isTest
DA:14,1
DA:15,2
LF:2
LH:2
BRF:0
BRH:0
end_of_record
TN:
SF:src/isUrl.ts
FN:14,isUrl
FNF:1
FNH:1
FNDA:85,isUrl
DA:14,162
DA:15,85
DA:16,85
DA:17,85
DA:19,85
DA:20,1
DA:22,84
DA:23,84
DA:26,84
DA:37,84
LF:10
LH:10
BRDA:14,0,0,77
BRDA:14,0,1,8
BRDA:19,1,0,1
BRDA:19,1,1,84
BRDA:23,2,0,7
BRDA:23,2,1,77
BRDA:23,3,0,84
BRDA:23,3,1,77
BRDA:26,4,0,84
BRDA:26,4,1,77
BRDA:26,4,2,77
BRDA:26,4,3,75
BRDA:26,4,4,74
BRDA:26,4,5,73
BRDA:26,4,6,73
BRDA:26,4,7,70
BRDA:26,4,8,62
BRDA:38,5,0,20
BRDA:38,5,1,64
BRF:19
BRH:19
end_of_record
TN:
SF:src/isValidString.ts
FN:15,isValidString
FNF:1
FNH:1
FNDA:11,isValidString
DA:15,1
DA:16,11
LF:2
LH:2
BRDA:16,0,0,11
BRDA:16,0,1,2
BRF:2
BRH:2
end_of_record
TN:
SF:src/last.ts
FN:17,last
FNF:1
FNH:1
FNDA:3,last
DA:17,1
DA:18,3
LF:2
LH:2
BRDA:18,0,0,2
BRDA:18,0,1,1
BRF:2
BRH:2
end_of_record
TN:
SF:src/option.ts
FN:26,option
FNF:1
FNH:1
FNDA:8,option
DA:26,1
DA:27,8
DA:28,8
LF:3
LH:3
BRDA:27,0,0,4
BRDA:27,0,1,4
BRDA:28,1,0,4
BRDA:28,1,1,4
BRDA:28,2,0,8
BRDA:28,2,1,4
BRDA:28,3,0,2
BRDA:28,3,1,2
BRF:8
BRH:8
end_of_record
TN:
SF:src/someTrue.ts
FN:18,someTrue
FN:19,(anonymous_1)
FNF:2
FNH:2
FNDA:4,someTrue
FNDA:7,(anonymous_1)
DA:18,1
DA:19,7
LF:2
LH:2
BRF:0
BRH:0
end_of_record
